[2023-01-07T13:10:48.939] [INFO] INFO - Ruta GET - "localhost:8080" accedida
[2023-01-07T13:10:54.491] [INFO] INFO - Ruta GET - "localhost:8080" accedida
[2023-01-07T13:11:02.432] [INFO] INFO - Ruta POST - "localhost:8080" accedida
[2023-01-07T13:11:02.885] [INFO] INFO - Ruta GET - "localhost:8080" accedida
[2023-01-07T13:11:06.798] [INFO] INFO - Ruta GET - "localhost:8080" accedida
[2023-01-07T15:31:54.231] [INFO] INFO - Ruta GET - "localhost:8080" accedida
[2023-01-07T15:37:44.896] [INFO] INFO - Ruta GET - "localhost:8080" accedida
[2023-01-07T15:38:41.354] [INFO] INFO - Ruta GET - "localhost:8080" accedida
[2023-01-07T15:38:45.055] [INFO] INFO - Ruta GET - "localhost:8080" accedida
[2023-01-07T16:29:26.063] [INFO] INFO - Ruta GET - "localhost:8080" accedida
[2023-01-07T16:29:34.280] [INFO] INFO - Ruta GET - "localhost:8080" accedida
[2023-01-07T16:31:05.831] [INFO] INFO - Ruta GET - "localhost:8080" accedida
[2023-01-07T16:32:23.075] [INFO] INFO - Ruta GET - "localhost:8080" accedida
[2023-01-07T16:40:10.195] [INFO] INFO - Ruta GET - "localhost:8080" accedida
[2023-01-07T16:40:12.605] [INFO] INFO - Ruta GET - "localhost:8080" accedida
[2023-01-08T18:22:40.798] [INFO] INFO - Ruta GET - "localhost:8080" accedida
[2023-01-08T18:22:45.092] [INFO] INFO - Ruta GET - "localhost:8080" accedida
[2023-01-08T18:23:59.267] [INFO] INFO - Ruta GET - "localhost:8080" accedida
[2023-01-08T18:40:07.344] [INFO] INFO - Ruta GET - "localhost:8080" accedida
[2023-01-08T18:41:59.402] [INFO] INFO - Ruta GET - "localhost:8080/api/products" accedida
[2023-01-10T19:23:33.646] [INFO] INFO - Ruta GET - "localhost:8080" accedida
[2023-01-10T20:17:12.771] [INFO] INFO - Ruta GET - "localhost:8080" accedida
[2023-01-10T20:17:41.429] [INFO] INFO - Ruta GET - "localhost:8080" accedida
[2023-01-10T20:17:43.378] [INFO] INFO - Ruta GET - "localhost:8080" accedida
[2023-01-10T20:17:58.116] [INFO] INFO - Ruta POST - "localhost:8080" accedida
[2023-01-10T20:17:58.578] [INFO] INFO - Ruta GET - "localhost:8080" accedida
[2023-01-10T20:18:04.960] [INFO] INFO - Ruta GET - "localhost:8080" accedida
[2023-01-10T20:19:21.552] [INFO] INFO - Ruta GET - "localhost:8080" accedida
[2023-01-10T20:21:11.588] [INFO] INFO - Ruta GET - "localhost:8080" accedida
[2023-01-11T13:17:24.558] [INFO] INFO - Ruta GET - "localhost:8080" accedida
[2023-01-11T13:47:55.839] [INFO] INFO - Ruta GET - "localhost:8080" accedida
[2023-01-11T13:48:09.802] [INFO] INFO - Ruta POST - "localhost:8080" accedida
[2023-01-11T13:52:03.422] [INFO] INFO - Ruta GET - "localhost:8080" accedida
[2023-01-11T13:52:08.308] [INFO] INFO - Ruta GET - "localhost:8080" accedida
[2023-01-11T13:52:13.587] [INFO] INFO - Ruta POST - "localhost:8080" accedida
[2023-01-11T13:52:14.057] [INFO] INFO - Ruta GET - "localhost:8080" accedida
[2023-01-11T13:52:17.569] [INFO] INFO - Ruta GET - "localhost:8080" accedida
[2023-01-11T13:52:23.837] [INFO] INFO - Ruta GET - "localhost:8080" accedida
[2023-01-11T13:52:32.320] [INFO] INFO - Ruta GET - "localhost:8080" accedida
[2023-01-11T13:53:43.480] [INFO] INFO - Ruta GET - "localhost:8080" accedida
[2023-01-11T13:54:22.577] [INFO] INFO - Ruta GET - "localhost:8080" accedida
[2023-01-11T13:54:35.471] [INFO] INFO - Ruta GET - "localhost:8080" accedida
[2023-01-11T13:54:46.568] [INFO] INFO - Ruta GET - "localhost:8080" accedida
[2023-01-11T13:56:40.931] [INFO] INFO - Ruta GET - "localhost:8080" accedida
[2023-01-11T13:56:44.144] [INFO] INFO - Ruta GET - "localhost:8080" accedida
[2023-01-11T13:56:44.161] [INFO] INFO - Ruta GET - "localhost:8080" accedida
[2023-01-11T13:56:53.705] [INFO] INFO - Ruta GET - "localhost:8080" accedida
[2023-01-11T13:57:15.513] [INFO] INFO - Ruta GET - "localhost:8080" accedida
[2023-01-11T13:59:33.945] [INFO] INFO - Ruta GET - "localhost:8080" accedida
[2023-01-11T13:59:45.182] [INFO] INFO - Ruta GET - "localhost:8080" accedida
[2023-01-11T13:59:47.333] [INFO] INFO - Ruta GET - "localhost:8080" accedida
[2023-01-11T14:00:13.267] [INFO] INFO - Ruta GET - "localhost:8080" accedida
[2023-01-11T14:00:45.264] [INFO] INFO - Ruta GET - "localhost:8080" accedida
[2023-01-12T19:52:20.055] [INFO] INFO - Ruta GET - "localhost:8080" accedida
[2023-01-12T19:52:25.987] [INFO] INFO - Ruta GET - "localhost:8080" accedida
[2023-01-12T19:52:38.457] [INFO] INFO - Ruta GET - "localhost:8080" accedida
[2023-01-12T19:52:41.253] [INFO] INFO - Ruta GET - "localhost:8080" accedida
[2023-01-12T19:52:44.690] [INFO] INFO - Ruta GET - "localhost:8080" accedida
[2023-01-12T19:52:44.707] [INFO] INFO - Ruta GET - "localhost:8080" accedida
[2023-01-12T19:52:46.427] [INFO] INFO - Ruta GET - "localhost:8080" accedida
[2023-01-12T20:45:18.452] [INFO] INFO - Ruta POST - "localhost:8080" accedida
[2023-01-12T20:45:19.061] [INFO] INFO - Ruta GET - "localhost:8080" accedida
[2023-01-12T20:45:22.963] [INFO] INFO - Ruta GET - "localhost:8080" accedida
[2023-01-12T21:06:16.467] [INFO] INFO - Ruta GET - "localhost:8080" accedida
[2023-01-12T21:06:28.618] [INFO] INFO - Ruta GET - "localhost:8080" accedida
[2023-01-12T21:06:28.644] [INFO] INFO - Ruta GET - "localhost:8080" accedida
[2023-01-12T21:06:32.159] [INFO] INFO - Ruta GET - "localhost:8080" accedida
[2023-01-12T21:06:37.674] [INFO] INFO - Ruta GET - "localhost:8080" accedida
[2023-01-12T21:06:47.351] [INFO] INFO - Ruta POST - "localhost:8080" accedida
[2023-01-12T21:06:47.775] [INFO] INFO - Ruta GET - "localhost:8080" accedida
[2023-01-13T15:09:58.707] [INFO] INFO - Ruta GET - "localhost:8080" accedida
[2023-01-14T09:55:39.944] [INFO] INFO - Ruta GET - "localhost:8080" accedida
[2023-01-14T15:18:31.585] [INFO] INFO - Ruta GET - "localhost:8080" accedida
[2023-01-14T15:23:14.289] [INFO] INFO - Ruta GET - "localhost:8080" accedida
[2023-01-14T15:23:24.028] [INFO] INFO - Ruta GET - "localhost:8080" accedida
[2023-01-15T12:33:08.321] [INFO] INFO - Ruta GET - "localhost:8080" accedida
[2023-01-15T12:33:19.942] [INFO] INFO - Ruta GET - "localhost:8080" accedida
[2023-01-15T15:31:57.194] [INFO] INFO - Ruta GET - "localhost:8080" accedida
[2023-01-15T15:32:24.363] [INFO] INFO - Ruta GET - "localhost:8080" accedida
[2023-01-15T15:35:11.635] [INFO] INFO - Ruta GET - "localhost:8080" accedida
[2023-01-15T15:43:55.443] [INFO] INFO - Ruta GET - "localhost:8080" accedida
[2023-01-15T15:47:20.720] [INFO] INFO - Ruta GET - "localhost:8080" accedida
[2023-01-15T15:51:04.473] [INFO] INFO - Ruta GET - "localhost:8080" accedida
[2023-01-15T15:51:26.032] [INFO] INFO - Ruta GET - "localhost:8080" accedida
[2023-01-15T15:56:52.531] [INFO] INFO - Ruta GET - "localhost:8080" accedida
[2023-01-15T16:02:52.556] [INFO] INFO - Ruta GET - "localhost:8080" accedida
[2023-01-15T16:02:59.076] [INFO] INFO - Ruta GET - "localhost:8080" accedida
[2023-01-15T16:17:07.359] [INFO] INFO - Ruta GET - "localhost:8080" accedida
[2023-01-15T16:17:07.872] [INFO] INFO - Ruta GET - "localhost:8080" accedida
[2023-01-15T16:19:40.999] [INFO] INFO - Ruta GET - "localhost:8080" accedida
[2023-01-15T16:20:32.796] [INFO] INFO - Ruta GET - "localhost:8080" accedida
[2023-01-15T16:20:39.290] [INFO] INFO - Ruta GET - "localhost:8080" accedida
[2023-01-15T16:21:11.801] [INFO] INFO - Ruta GET - "localhost:8080" accedida
[2023-01-15T16:21:12.009] [INFO] INFO - Ruta GET - "localhost:8080" accedida
[2023-01-15T16:21:14.109] [INFO] INFO - Ruta GET - "localhost:8080" accedida
[2023-01-15T16:21:26.147] [INFO] INFO - Ruta POST - "localhost:8080" accedida
[2023-01-15T16:28:40.812] [INFO] INFO - Ruta GET - "localhost:8080" accedida
[2023-01-15T16:28:42.813] [INFO] INFO - Ruta GET - "localhost:8080" accedida
[2023-01-15T16:28:48.309] [INFO] INFO - Ruta GET - "localhost:8080" accedida
[2023-01-15T16:29:01.225] [INFO] INFO - Ruta POST - "localhost:8080" accedida
[2023-01-15T16:30:05.206] [INFO] INFO - Ruta GET - "localhost:8080" accedida
[2023-01-15T16:30:06.625] [INFO] INFO - Ruta GET - "localhost:8080" accedida
[2023-01-15T16:30:26.198] [INFO] INFO - Ruta POST - "localhost:8080" accedida
[2023-01-15T16:32:19.160] [INFO] INFO - Ruta POST - "localhost:8080" accedida
[2023-01-15T16:33:28.095] [INFO] INFO - Ruta POST - "localhost:8080" accedida
[2023-01-15T16:33:28.165] [INFO] INFO - Ruta GET - "localhost:8080" accedida
[2023-01-15T16:34:43.623] [INFO] INFO - Ruta GET - "localhost:8080" accedida
[2023-01-15T16:35:00.542] [INFO] INFO - Ruta POST - "localhost:8080" accedida
[2023-01-15T16:35:01.029] [INFO] INFO - Ruta GET - "localhost:8080" accedida
[2023-01-15T16:35:11.395] [INFO] INFO - Ruta GET - "localhost:8080" accedida
[2023-01-15T16:36:12.101] [INFO] INFO - Ruta GET - "localhost:8080" accedida
[2023-01-15T16:36:14.685] [INFO] INFO - Ruta GET - "localhost:8080" accedida
[2023-01-15T16:36:15.175] [INFO] INFO - Ruta GET - "localhost:8080" accedida
[2023-01-15T16:36:16.459] [INFO] INFO - Ruta GET - "localhost:8080" accedida
[2023-01-15T16:48:46.337] [INFO] INFO - Ruta GET - "localhost:8080" accedida
[2023-01-15T16:49:44.447] [INFO] INFO - Ruta GET - "localhost:8080" accedida
[2023-01-15T16:51:39.501] [INFO] INFO - Ruta GET - "localhost:8080" accedida
[2023-01-15T16:51:46.810] [INFO] INFO - Ruta GET - "localhost:8080" accedida
[2023-01-15T16:51:49.024] [INFO] INFO - Ruta GET - "localhost:8080" accedida
[2023-01-15T16:51:59.214] [INFO] INFO - Ruta GET - "localhost:8080" accedida
[2023-01-15T16:58:01.156] [INFO] INFO - Ruta GET - "localhost:8080" accedida
[2023-01-15T16:58:20.395] [INFO] INFO - Ruta GET - "localhost:8080" accedida
[2023-01-15T16:59:03.207] [INFO] INFO - Ruta GET - "localhost:8080" accedida
[2023-01-15T16:59:39.384] [INFO] INFO - Ruta POST - "localhost:8080" accedida
[2023-01-15T17:01:52.269] [INFO] INFO - Ruta GET - "localhost:8080" accedida
[2023-01-15T17:01:55.206] [INFO] INFO - Ruta GET - "localhost:8080" accedida
[2023-01-15T17:02:13.117] [INFO] INFO - Ruta POST - "localhost:8080" accedida
[2023-01-15T17:03:32.724] [INFO] INFO - Ruta GET - "localhost:8080" accedida
[2023-01-15T17:03:34.468] [INFO] INFO - Ruta GET - "localhost:8080" accedida
[2023-01-15T17:03:50.210] [INFO] INFO - Ruta POST - "localhost:8080" accedida
[2023-01-15T17:04:53.734] [INFO] INFO - Ruta POST - "localhost:8080" accedida
[2023-01-15T17:06:28.448] [INFO] INFO - Ruta GET - "localhost:8080" accedida
[2023-01-15T17:06:30.293] [INFO] INFO - Ruta GET - "localhost:8080" accedida
[2023-01-15T17:06:45.565] [INFO] INFO - Ruta POST - "localhost:8080" accedida
[2023-01-15T17:09:01.541] [INFO] INFO - Ruta GET - "localhost:8080" accedida
[2023-01-15T17:09:15.970] [INFO] INFO - Ruta POST - "localhost:8080" accedida
[2023-01-15T17:11:06.510] [INFO] INFO - Ruta POST - "localhost:8080" accedida
[2023-01-15T17:11:06.991] [INFO] INFO - Ruta GET - "localhost:8080" accedida
[2023-01-15T17:15:00.493] [INFO] INFO - Ruta GET - "localhost:8080" accedida
[2023-01-15T17:15:31.587] [INFO] INFO - Ruta GET - "localhost:8080" accedida
[2023-01-15T17:16:30.691] [INFO] INFO - Ruta GET - "localhost:8080" accedida
[2023-01-15T17:16:37.218] [INFO] INFO - Ruta GET - "localhost:8080" accedida
[2023-01-15T17:18:20.780] [INFO] INFO - Ruta GET - "localhost:8080" accedida
[2023-01-15T17:19:01.682] [INFO] INFO - Ruta GET - "localhost:8080" accedida
[2023-01-15T17:19:10.446] [INFO] INFO - Ruta GET - "localhost:8080" accedida
[2023-01-15T17:19:10.652] [INFO] INFO - Ruta GET - "localhost:8080" accedida
[2023-01-15T17:20:14.621] [INFO] INFO - Ruta GET - "localhost:8080" accedida
[2023-01-15T17:21:34.977] [INFO] INFO - Ruta GET - "localhost:8080" accedida
[2023-01-15T17:26:22.992] [INFO] INFO - Ruta GET - "localhost:8080" accedida
[2023-01-15T17:27:06.150] [INFO] INFO - Ruta GET - "localhost:8080" accedida
[2023-01-15T17:27:26.860] [INFO] INFO - Ruta GET - "localhost:8080" accedida
[2023-01-15T17:27:40.113] [INFO] INFO - Ruta GET - "localhost:8080" accedida
[2023-01-15T17:27:54.298] [INFO] INFO - Ruta GET - "localhost:8080" accedida
[2023-01-15T17:28:11.654] [INFO] INFO - Ruta GET - "localhost:8080" accedida
[2023-01-15T17:29:12.481] [INFO] INFO - Ruta GET - "localhost:8080" accedida
[2023-01-15T17:33:27.675] [INFO] INFO - Ruta GET - "localhost:8080" accedida
[2023-01-15T17:43:07.622] [INFO] INFO - Ruta GET - "localhost:8080/products" accedida
[2023-01-15T17:43:27.885] [INFO] INFO - Ruta GET - "localhost:8080/products" accedida
[2023-01-15T17:45:59.679] [INFO] INFO - Ruta GET - "localhost:8080/products" accedida
[2023-01-15T17:45:59.785] [INFO] INFO - Ruta GET - "localhost:8080/products" accedida
[2023-01-15T17:48:00.958] [INFO] INFO - Ruta GET - "localhost:8080/products" accedida
[2023-01-15T17:49:04.025] [INFO] INFO - Ruta GET - "localhost:8080/products" accedida
[2023-01-15T17:50:31.230] [INFO] INFO - Ruta GET - "localhost:8080/products" accedida
[2023-01-15T17:53:10.687] [INFO] INFO - Ruta GET - "localhost:8080/products" accedida
[2023-01-15T17:54:04.712] [INFO] INFO - Ruta GET - "localhost:8080/products" accedida
[2023-01-15T17:55:14.260] [INFO] INFO - Ruta GET - "localhost:8080/products" accedida
[2023-01-15T17:55:36.597] [INFO] INFO - Ruta GET - "localhost:8080/products" accedida
[2023-01-15T17:56:36.331] [INFO] INFO - Ruta GET - "localhost:8080/products" accedida
[2023-01-15T17:57:38.082] [INFO] INFO - Ruta GET - "localhost:8080" accedida
[2023-01-15T17:57:41.961] [INFO] INFO - Ruta GET - "localhost:8080/products" accedida
[2023-01-15T17:57:42.058] [INFO] INFO - Ruta GET - "localhost:8080/products" accedida
[2023-01-15T17:58:59.470] [INFO] INFO - Ruta GET - "localhost:8080" accedida
[2023-01-15T17:59:12.134] [INFO] INFO - Ruta GET - "localhost:8080" accedida
[2023-01-15T17:59:13.371] [INFO] INFO - Ruta GET - "localhost:8080/products" accedida
[2023-01-15T17:59:15.987] [INFO] INFO - Ruta GET - "localhost:8080" accedida
[2023-01-15T17:59:20.697] [INFO] INFO - Ruta GET - "localhost:8080/products" accedida
[2023-01-15T17:59:20.791] [INFO] INFO - Ruta GET - "localhost:8080/products" accedida
[2023-01-15T18:00:23.492] [INFO] INFO - Ruta GET - "localhost:8080/products" accedida
[2023-01-15T18:00:25.126] [INFO] INFO - Ruta GET - "localhost:8080" accedida
[2023-01-15T18:01:09.515] [INFO] INFO - Ruta GET - "localhost:8080" accedida
[2023-01-15T18:01:11.355] [INFO] INFO - Ruta GET - "localhost:8080/products" accedida
[2023-01-15T18:01:11.451] [INFO] INFO - Ruta GET - "localhost:8080/products" accedida
[2023-01-15T18:01:42.763] [INFO] INFO - Ruta GET - "localhost:8080/products" accedida
[2023-01-15T18:01:44.518] [INFO] INFO - Ruta GET - "localhost:8080" accedida
[2023-01-15T18:01:46.159] [INFO] INFO - Ruta GET - "localhost:8080" accedida
[2023-01-15T18:01:47.656] [INFO] INFO - Ruta GET - "localhost:8080/products" accedida
[2023-01-15T18:01:47.743] [INFO] INFO - Ruta GET - "localhost:8080/products" accedida
[2023-01-15T18:03:02.466] [INFO] INFO - Ruta GET - "localhost:undefined" accedida
[2023-01-15T18:03:02.715] [INFO] INFO - Ruta GET - "localhost:8080/products" accedida
[2023-01-15T18:03:02.811] [INFO] INFO - Ruta GET - "localhost:8080/products" accedida
[2023-01-15T18:03:51.469] [INFO] INFO - Ruta GET - "localhost:undefined/products" accedida
[2023-01-15T18:03:51.714] [INFO] INFO - Ruta GET - "localhost:8080" accedida
[2023-01-15T18:03:53.212] [INFO] INFO - Ruta GET - "localhost:8080/products" accedida
[2023-01-15T18:03:53.326] [INFO] INFO - Ruta GET - "localhost:8080/products" accedida
[2023-01-15T18:06:08.945] [INFO] INFO - Ruta GET - "localhost:8080/products" accedida
[2023-01-15T18:06:09.053] [INFO] INFO - Ruta GET - "localhost:8080/products" accedida
[2023-01-15T18:06:10.407] [INFO] INFO - Ruta GET - "localhost:8080/products" accedida
[2023-01-15T18:06:10.499] [INFO] INFO - Ruta GET - "localhost:8080/products" accedida
[2023-01-15T18:06:13.025] [INFO] INFO - Ruta GET - "localhost:8080/products" accedida
[2023-01-15T18:06:13.125] [INFO] INFO - Ruta GET - "localhost:8080/products" accedida
[2023-01-15T18:06:34.950] [INFO] INFO - Ruta GET - "localhost:8080/products" accedida
[2023-01-15T18:06:35.046] [INFO] INFO - Ruta GET - "localhost:8080/products" accedida
[2023-01-15T18:06:36.183] [INFO] INFO - Ruta GET - "localhost:8080/products" accedida
[2023-01-15T18:06:36.284] [INFO] INFO - Ruta GET - "localhost:8080/products" accedida
[2023-01-15T18:07:55.944] [INFO] INFO - Ruta GET - "localhost:8080/products" accedida
[2023-01-15T18:07:56.039] [INFO] INFO - Ruta GET - "localhost:8080/products" accedida
[2023-01-15T18:07:58.767] [INFO] INFO - Ruta GET - "localhost:8080/products" accedida
[2023-01-15T18:07:58.863] [INFO] INFO - Ruta GET - "localhost:8080/products" accedida
[2023-01-15T18:08:21.114] [INFO] INFO - Ruta GET - "localhost:8080/products" accedida
[2023-01-15T18:08:21.204] [INFO] INFO - Ruta GET - "localhost:8080/products" accedida
[2023-01-15T18:08:22.378] [INFO] INFO - Ruta GET - "localhost:8080/products" accedida
[2023-01-15T18:08:22.472] [INFO] INFO - Ruta GET - "localhost:8080/products" accedida
[2023-01-15T18:09:45.893] [INFO] INFO - Ruta GET - "localhost:8080/products" accedida
[2023-01-15T18:09:45.992] [INFO] INFO - Ruta GET - "localhost:8080/products" accedida
[2023-01-15T18:13:07.075] [INFO] INFO - Ruta GET - "localhost:8080/products" accedida
[2023-01-15T18:13:07.184] [INFO] INFO - Ruta GET - "localhost:8080/products" accedida
[2023-01-15T18:13:18.739] [INFO] INFO - Ruta POST - "localhost:8080/products" accedida
[2023-01-15T18:17:12.095] [INFO] INFO - Ruta GET - "localhost:8080/products" accedida
[2023-01-15T18:17:12.110] [INFO] INFO - Ruta GET - "localhost:8080/products" accedida
[2023-01-15T18:17:24.312] [INFO] INFO - Ruta POST - "localhost:8080/products" accedida
[2023-01-15T18:19:28.499] [INFO] INFO - Ruta GET - "localhost:8080/products" accedida
[2023-01-15T18:19:28.515] [INFO] INFO - Ruta GET - "localhost:8080/products" accedida
[2023-01-15T18:19:33.947] [INFO] INFO - Ruta GET - "localhost:8080/products" accedida
[2023-01-15T18:19:33.958] [INFO] INFO - Ruta GET - "localhost:8080/products" accedida
[2023-01-15T18:19:46.311] [INFO] INFO - Ruta POST - "localhost:8080/products" accedida
[2023-01-15T18:20:09.535] [INFO] INFO - Ruta GET - "localhost:8080/products" accedida
[2023-01-15T18:20:46.096] [INFO] INFO - Ruta GET - "localhost:8080/products" accedida
[2023-01-15T18:20:47.219] [INFO] INFO - Ruta GET - "localhost:8080/products" accedida
[2023-01-15T18:20:47.228] [INFO] INFO - Ruta GET - "localhost:8080/products" accedida
[2023-01-15T18:21:01.130] [INFO] INFO - Ruta POST - "localhost:8080/products" accedida
[2023-01-15T18:21:01.192] [INFO] INFO - Ruta GET - "localhost:8080/products" accedida
[2023-01-15T18:21:41.493] [INFO] INFO - Ruta GET - "localhost:8080/products" accedida
[2023-01-15T18:22:20.169] [INFO] INFO - Ruta GET - "localhost:8080/products" accedida
[2023-01-15T18:22:21.555] [INFO] INFO - Ruta GET - "localhost:8080" accedida
[2023-01-15T18:24:58.455] [INFO] INFO - Ruta GET - "localhost:8080" accedida
[2023-01-15T18:25:01.933] [INFO] INFO - Ruta GET - "localhost:8080/products" accedida
[2023-01-15T18:25:21.122] [INFO] INFO - Ruta GET - "localhost:8080/products" accedida
[2023-01-15T18:25:55.889] [INFO] INFO - Ruta GET - "localhost:8080/products" accedida
[2023-01-15T18:28:51.915] [INFO] INFO - Ruta GET - "localhost:8080/products" accedida
[2023-01-15T18:28:58.334] [INFO] INFO - Ruta GET - "localhost:8080/products" accedida
[2023-01-15T18:32:00.169] [INFO] INFO - Ruta GET - "localhost:8080/products" accedida
[2023-01-15T18:33:30.351] [INFO] INFO - Ruta GET - "localhost:8080/products" accedida
[2023-01-16T17:22:17.459] [INFO] INFO - Ruta GET - "localhost:8080" accedida
[2023-01-16T17:22:21.884] [INFO] INFO - Ruta GET - "localhost:8080" accedida
[2023-01-16T17:22:43.091] [INFO] INFO - Ruta POST - "localhost:8080" accedida
[2023-01-16T17:22:43.569] [INFO] INFO - Ruta GET - "localhost:8080" accedida
[2023-01-16T17:22:46.796] [INFO] INFO - Ruta GET - "localhost:8080" accedida
[2023-01-16T17:22:54.274] [INFO] INFO - Ruta GET - "localhost:8080" accedida
[2023-01-16T17:22:54.294] [INFO] INFO - Ruta GET - "localhost:8080" accedida
[2023-01-16T17:22:55.677] [INFO] INFO - Ruta GET - "localhost:8080" accedida
[2023-01-16T17:23:18.583] [INFO] INFO - Ruta POST - "localhost:8080" accedida
[2023-01-16T17:23:18.987] [INFO] INFO - Ruta GET - "localhost:8080" accedida
[2023-01-16T17:23:22.520] [INFO] INFO - Ruta GET - "localhost:8080" accedida
[2023-01-16T17:23:27.025] [INFO] INFO - Ruta GET - "localhost:8080/products" accedida
[2023-01-16T17:23:27.077] [INFO] INFO - Ruta GET - "localhost:8080/products" accedida
[2023-01-16T17:23:30.649] [INFO] INFO - Ruta GET - "localhost:8080/products" accedida
[2023-01-16T17:23:47.102] [INFO] INFO - Ruta GET - "localhost:8080" accedida
[2023-01-16T17:23:51.408] [INFO] INFO - Ruta GET - "localhost:8080" accedida
[2023-01-16T19:14:26.143] [INFO] INFO - Ruta GET - "localhost:8080" accedida
[2023-01-16T19:14:31.542] [INFO] INFO - Ruta GET - "localhost:8080" accedida
[2023-01-16T19:14:34.543] [INFO] INFO - Ruta GET - "localhost:8080" accedida
[2023-01-16T19:14:34.565] [INFO] INFO - Ruta GET - "localhost:8080" accedida
[2023-01-16T20:00:23.366] [INFO] INFO - Ruta GET - "localhost:8080" accedida
[2023-01-16T20:01:12.586] [INFO] INFO - Ruta GET - "localhost:8080" accedida
[2023-01-16T21:10:17.545] [INFO] INFO - Ruta GET - "localhost:8080" accedida
[2023-01-16T21:10:40.177] [INFO] INFO - Ruta POST - "localhost:8080" accedida
[2023-01-16T21:10:41.041] [INFO] INFO - Ruta GET - "localhost:8080" accedida
[2023-01-16T21:11:43.587] [INFO] INFO - Ruta GET - "localhost:8080" accedida
[2023-01-16T21:13:38.272] [INFO] INFO - Ruta POST - "localhost:8080" accedida
[2023-01-16T21:13:38.514] [INFO] INFO - Ruta GET - "localhost:8080" accedida
[2023-01-16T21:18:12.526] [INFO] INFO - Ruta GET - "localhost:8080" accedida
[2023-01-16T21:18:28.539] [INFO] INFO - Ruta POST - "localhost:8080" accedida
[2023-01-16T21:19:57.007] [INFO] INFO - Ruta GET - "localhost:8080" accedida
[2023-01-16T21:20:08.139] [INFO] INFO - Ruta POST - "localhost:8080" accedida
[2023-01-16T21:21:22.660] [INFO] INFO - Ruta GET - "localhost:8080" accedida
[2023-01-16T21:21:24.398] [INFO] INFO - Ruta GET - "localhost:8080" accedida
[2023-01-16T21:21:38.538] [INFO] INFO - Ruta POST - "localhost:8080" accedida
[2023-01-16T21:21:38.995] [INFO] INFO - Ruta GET - "localhost:8080" accedida
[2023-01-16T21:22:54.968] [INFO] INFO - Ruta POST - "localhost:8080" accedida
[2023-01-16T21:22:55.490] [INFO] INFO - Ruta GET - "localhost:8080" accedida
[2023-01-16T21:23:37.675] [INFO] INFO - Ruta POST - "localhost:8080" accedida
[2023-01-16T21:23:38.888] [INFO] INFO - Ruta GET - "localhost:8080" accedida
[2023-01-16T22:13:49.045] [INFO] INFO - Ruta GET - "localhost:8080" accedida
[2023-01-16T22:13:51.076] [INFO] INFO - Ruta GET - "localhost:8080" accedida
[2023-01-16T22:14:09.248] [INFO] INFO - Ruta POST - "localhost:8080" accedida
[2023-01-16T22:14:10.540] [INFO] INFO - Ruta GET - "localhost:8080" accedida
[2023-01-16T22:20:00.083] [INFO] INFO - Ruta POST - "localhost:8080" accedida
[2023-01-16T22:20:00.297] [INFO] INFO - Ruta GET - "localhost:8080" accedida
[2023-01-16T22:27:46.230] [INFO] INFO - Ruta GET - "localhost:8080" accedida
[2023-01-16T22:27:56.043] [INFO] INFO - Ruta POST - "localhost:8080" accedida
[2023-01-16T22:27:57.242] [INFO] INFO - Ruta GET - "localhost:8080" accedida
[2023-01-16T22:45:00.326] [INFO] INFO - Ruta GET - "localhost:8080" accedida
[2023-01-16T22:45:08.222] [INFO] INFO - Ruta GET - "localhost:8080" accedida
[2023-01-16T22:45:13.749] [INFO] INFO - Ruta POST - "localhost:8080" accedida
[2023-01-16T22:45:14.922] [INFO] INFO - Ruta GET - "localhost:8080" accedida
[2023-01-16T22:55:36.014] [INFO] INFO - Ruta POST - "localhost:8080" accedida
[2023-01-16T22:55:37.339] [INFO] INFO - Ruta GET - "localhost:8080" accedida
[2023-01-16T22:57:15.419] [INFO] INFO - Ruta POST - "localhost:8080" accedida
[2023-01-16T22:57:16.526] [INFO] INFO - Ruta GET - "localhost:8080" accedida
[2023-01-16T23:00:00.754] [INFO] INFO - Ruta GET - "localhost:8080" accedida
[2023-01-16T23:00:07.077] [INFO] INFO - Ruta GET - "localhost:8080" accedida
[2023-01-16T23:00:16.646] [INFO] INFO - Ruta POST - "localhost:8080" accedida
[2023-01-16T23:00:17.689] [INFO] INFO - Ruta GET - "localhost:8080" accedida
[2023-01-16T23:01:48.102] [INFO] INFO - Ruta POST - "localhost:8080" accedida
[2023-01-16T23:01:49.028] [INFO] INFO - Ruta GET - "localhost:8080" accedida
[2023-01-16T23:17:17.376] [INFO] INFO - Ruta GET - "localhost:8080" accedida
[2023-01-16T23:17:32.832] [INFO] INFO - Ruta POST - "localhost:8080" accedida
[2023-01-16T23:17:33.978] [INFO] INFO - Ruta GET - "localhost:8080" accedida
[2023-01-17T00:28:31.138] [INFO] INFO - Ruta GET - "localhost:8080" accedida
[2023-01-17T00:28:40.313] [INFO] INFO - Ruta POST - "localhost:8080" accedida
[2023-01-17T00:28:41.552] [INFO] INFO - Ruta GET - "localhost:8080" accedida
[2023-01-17T00:39:34.463] [INFO] INFO - Ruta POST - "localhost:8080" accedida
[2023-01-17T00:39:35.676] [INFO] INFO - Ruta GET - "localhost:8080" accedida
[2023-01-17T00:49:12.160] [INFO] INFO - Ruta POST - "localhost:8080" accedida
[2023-01-17T00:49:14.555] [INFO] INFO - Ruta GET - "localhost:8080" accedida
[2023-01-17T00:51:19.815] [INFO] INFO - Ruta POST - "localhost:8080" accedida
[2023-01-17T00:51:22.162] [INFO] INFO - Ruta GET - "localhost:8080" accedida
[2023-01-17T01:14:16.457] [INFO] INFO - Ruta GET - "localhost:8080" accedida
[2023-01-17T01:14:35.456] [INFO] INFO - Ruta POST - "localhost:8080" accedida
[2023-01-17T01:14:37.606] [INFO] INFO - Ruta GET - "localhost:8080" accedida
[2023-01-17T01:14:47.932] [INFO] INFO - Ruta GET - "localhost:8080" accedida
[2023-01-17T01:15:00.614] [INFO] INFO - Ruta GET - "localhost:8080" accedida
[2023-01-17T01:15:07.731] [INFO] INFO - Ruta GET - "localhost:8080/products" accedida
[2023-01-17T01:15:07.759] [INFO] INFO - Ruta GET - "localhost:8080/products" accedida
[2023-01-17T01:15:08.581] [INFO] INFO - Ruta GET - "localhost:8080/products" accedida
[2023-01-17T01:15:21.120] [INFO] INFO - Ruta GET - "localhost:8080" accedida
[2023-01-17T01:15:27.249] [INFO] INFO - Ruta GET - "localhost:8080" accedida
[2023-01-17T01:18:54.450] [INFO] INFO - Ruta GET - "localhost:8080" accedida
[2023-01-17T01:18:54.479] [INFO] INFO - Ruta GET - "localhost:8080" accedida
[2023-01-17T01:18:57.417] [INFO] INFO - Ruta GET - "localhost:8080" accedida
[2023-01-17T01:19:40.905] [INFO] INFO - Ruta POST - "localhost:8080" accedida
[2023-01-17T01:19:43.379] [INFO] INFO - Ruta GET - "localhost:8080" accedida
[2023-01-17T01:21:36.415] [INFO] INFO - Ruta GET - "localhost:8080" accedida
[2023-01-17T01:21:50.871] [INFO] INFO - Ruta POST - "localhost:8080" accedida
[2023-01-17T01:21:53.473] [INFO] INFO - Ruta GET - "localhost:8080" accedida
[2023-01-17T02:06:36.021] [INFO] INFO - Ruta GET - "localhost:8080" accedida
[2023-01-17T02:06:38.378] [INFO] INFO - Ruta GET - "localhost:8080" accedida
[2023-01-17T02:07:00.476] [INFO] INFO - Ruta POST - "localhost:8080" accedida
[2023-01-17T02:07:03.155] [INFO] INFO - Ruta GET - "localhost:8080" accedida
[2023-01-17T02:11:01.837] [INFO] INFO - Ruta GET - "localhost:8080" accedida
[2023-01-17T02:11:14.593] [INFO] INFO - Ruta POST - "localhost:8080" accedida
[2023-01-17T02:11:16.974] [INFO] INFO - Ruta GET - "localhost:8080" accedida
[2023-01-17T02:15:09.818] [INFO] INFO - Ruta GET - "localhost:8080" accedida
[2023-01-17T02:21:23.174] [INFO] INFO - Ruta GET - "localhost:8080" accedida
[2023-01-17T02:21:37.716] [INFO] INFO - Ruta POST - "localhost:8080" accedida
[2023-01-17T02:21:40.164] [INFO] INFO - Ruta GET - "localhost:8080" accedida
[2023-01-17T03:15:52.621] [INFO] INFO - Ruta GET - "localhost:8080" accedida
[2023-01-17T03:16:11.410] [INFO] INFO - Ruta POST - "localhost:8080" accedida
[2023-01-17T03:16:13.793] [INFO] INFO - Ruta GET - "localhost:8080" accedida
[2023-01-17T03:17:13.944] [INFO] INFO - Ruta GET - "localhost:8080" accedida
[2023-01-17T03:17:35.190] [INFO] INFO - Ruta POST - "localhost:8080" accedida
[2023-01-17T03:17:36.838] [INFO] INFO - Ruta GET - "localhost:8080" accedida
[2023-01-17T03:29:53.928] [INFO] INFO - Ruta GET - "localhost:8080" accedida
[2023-01-17T03:30:08.247] [INFO] INFO - Ruta POST - "localhost:8080" accedida
[2023-01-17T03:30:10.763] [INFO] INFO - Ruta GET - "localhost:8080" accedida
[2023-01-17T03:31:37.333] [INFO] INFO - Ruta GET - "localhost:8080" accedida
[2023-01-17T03:31:52.360] [INFO] INFO - Ruta POST - "localhost:8080" accedida
[2023-01-17T03:31:53.758] [INFO] INFO - Ruta GET - "localhost:8080" accedida
[2023-01-17T03:33:10.437] [INFO] INFO - Ruta GET - "localhost:8080" accedida
[2023-01-17T03:33:29.826] [INFO] INFO - Ruta POST - "localhost:8080" accedida
[2023-01-17T03:33:32.212] [INFO] INFO - Ruta GET - "localhost:8080" accedida
[2023-01-17T03:33:38.596] [INFO] INFO - Ruta GET - "localhost:8080" accedida
[2023-01-17T14:18:23.131] [INFO] INFO - Ruta POST - "localhost:8080" accedida
[2023-01-17T14:18:26.113] [INFO] INFO - Ruta GET - "localhost:8080" accedida
[2023-01-17T14:20:18.828] [INFO] INFO - Ruta GET - "localhost:8080" accedida
[2023-01-17T14:20:31.235] [INFO] INFO - Ruta POST - "localhost:8080" accedida
[2023-01-17T14:20:33.625] [INFO] INFO - Ruta GET - "localhost:8080" accedida
[2023-01-17T14:21:49.996] [INFO] INFO - Ruta GET - "localhost:8080" accedida
[2023-01-17T14:22:08.502] [INFO] INFO - Ruta POST - "localhost:8080" accedida
[2023-01-17T14:22:10.369] [INFO] INFO - Ruta GET - "localhost:8080" accedida
[2023-01-17T14:23:34.596] [INFO] INFO - Ruta GET - "localhost:8080" accedida
[2023-01-17T14:23:40.255] [INFO] INFO - Ruta GET - "localhost:8080" accedida
[2023-01-17T14:23:47.959] [INFO] INFO - Ruta POST - "localhost:8080" accedida
[2023-01-17T14:23:49.644] [INFO] INFO - Ruta GET - "localhost:8080" accedida
[2023-01-17T15:01:13.341] [INFO] INFO - Ruta GET - "localhost:8080" accedida
[2023-01-17T15:22:48.625] [INFO] INFO - Ruta GET - "localhost:8080" accedida
[2023-01-17T15:22:52.262] [INFO] INFO - Ruta GET - "localhost:8080" accedida
[2023-01-17T15:22:52.286] [INFO] INFO - Ruta GET - "localhost:8080" accedida
[2023-01-17T15:22:54.380] [INFO] INFO - Ruta GET - "localhost:8080" accedida
[2023-01-17T15:22:56.309] [INFO] INFO - Ruta GET - "localhost:8080" accedida
[2023-01-17T15:22:56.326] [INFO] INFO - Ruta GET - "localhost:8080" accedida
[2023-01-17T15:22:58.551] [INFO] INFO - Ruta GET - "localhost:8080" accedida
[2023-01-17T15:23:07.465] [INFO] INFO - Ruta POST - "localhost:8080" accedida
[2023-01-17T15:23:08.942] [INFO] INFO - Ruta GET - "localhost:8080" accedida
[2023-01-17T15:36:31.334] [INFO] INFO - Ruta GET - "localhost:8080" accedida
[2023-01-17T15:36:41.909] [INFO] INFO - Ruta POST - "localhost:8080" accedida
[2023-01-17T15:36:43.312] [INFO] INFO - Ruta GET - "localhost:8080" accedida
[2023-01-17T15:37:32.219] [INFO] INFO - Ruta GET - "localhost:8080" accedida
[2023-01-17T15:37:44.250] [INFO] INFO - Ruta POST - "localhost:8080" accedida
[2023-01-17T15:37:45.436] [INFO] INFO - Ruta GET - "localhost:8080" accedida
[2023-01-17T15:54:49.137] [INFO] INFO - Ruta GET - "localhost:8080" accedida
[2023-01-17T15:54:51.292] [INFO] INFO - Ruta GET - "localhost:8080" accedida
[2023-01-17T15:55:18.548] [INFO] INFO - Ruta POST - "localhost:8080" accedida
[2023-01-17T15:55:20.684] [INFO] INFO - Ruta GET - "localhost:8080" accedida
[2023-01-17T15:56:44.952] [INFO] INFO - Ruta GET - "localhost:8080" accedida
[2023-01-17T15:57:02.150] [INFO] INFO - Ruta POST - "localhost:8080" accedida
[2023-01-17T15:57:03.471] [INFO] INFO - Ruta GET - "localhost:8080" accedida
[2023-01-17T15:58:19.163] [INFO] INFO - Ruta GET - "localhost:8080" accedida
[2023-01-17T15:58:40.998] [INFO] INFO - Ruta POST - "localhost:8080" accedida
[2023-01-17T15:58:42.386] [INFO] INFO - Ruta GET - "localhost:8080" accedida
[2023-01-17T18:16:23.531] [INFO] INFO - Ruta GET - "localhost:8080" accedida
[2023-01-17T18:16:58.985] [INFO] INFO - Ruta GET - "localhost:8080" accedida
[2023-01-17T18:17:01.987] [INFO] INFO - Ruta GET - "localhost:8080/products" accedida
[2023-01-17T18:17:02.088] [INFO] INFO - Ruta GET - "localhost:8080/products" accedida
[2023-01-17T18:17:37.203] [INFO] INFO - Ruta GET - "localhost:8080" accedida
[2023-01-17T18:17:38.510] [INFO] INFO - Ruta GET - "localhost:8080/products" accedida
[2023-01-17T18:17:40.974] [INFO] INFO - Ruta GET - "localhost:8080" accedida
[2023-01-17T18:17:43.815] [INFO] INFO - Ruta GET - "localhost:8080/products" accedida
[2023-01-18T17:37:05.740] [INFO] INFO - Ruta GET - "localhost:8080" accedida
[2023-01-18T17:37:29.980] [INFO] INFO - Ruta POST - "localhost:8080" accedida
[2023-01-18T17:37:31.693] [INFO] INFO - Ruta GET - "localhost:8080" accedida
[2023-01-18T17:38:06.793] [INFO] INFO - Ruta GET - "localhost:8080" accedida
[2023-01-18T17:38:12.184] [INFO] INFO - Ruta GET - "localhost:8080" accedida
[2023-01-18T17:38:15.372] [INFO] INFO - Ruta GET - "localhost:8080" accedida
[2023-01-18T17:42:04.764] [INFO] INFO - Ruta POST - "localhost:8080" accedida
[2023-01-18T17:42:05.941] [INFO] INFO - Ruta GET - "localhost:8080" accedida
[2023-01-18T17:42:18.643] [INFO] INFO - Ruta GET - "localhost:8080" accedida
[2023-01-18T17:42:23.931] [INFO] INFO - Ruta GET - "localhost:8080/products" accedida
[2023-01-18T17:42:23.964] [INFO] INFO - Ruta GET - "localhost:8080/products" accedida
[2023-01-18T17:42:38.702] [INFO] INFO - Ruta POST - "localhost:8080/products" accedida
[2023-01-18T18:19:38.078] [INFO] INFO - Ruta GET - "localhost:8080" accedida
[2023-01-18T18:19:40.233] [INFO] INFO - Ruta GET - "localhost:8080" accedida
[2023-01-18T18:19:40.264] [INFO] INFO - Ruta GET - "localhost:8080" accedida
[2023-01-18T18:19:45.724] [INFO] INFO - Ruta GET - "localhost:8080" accedida
[2023-01-18T18:19:57.674] [INFO] INFO - Ruta POST - "localhost:8080" accedida
[2023-01-18T18:19:59.264] [INFO] INFO - Ruta GET - "localhost:8080" accedida
[2023-01-18T18:38:58.494] [INFO] INFO - Ruta GET - "localhost:8080" accedida
[2023-01-18T18:53:10.164] [INFO] INFO - Ruta GET - "localhost:8080" accedida
[2023-01-18T18:53:12.783] [INFO] INFO - Ruta GET - "localhost:8080/products" accedida
[2023-01-18T18:54:32.713] [INFO] INFO - Ruta GET - "localhost:8080" accedida
[2023-01-18T18:54:34.461] [INFO] INFO - Ruta GET - "localhost:8080" accedida
[2023-01-18T18:54:34.481] [INFO] INFO - Ruta GET - "localhost:8080" accedida
[2023-01-18T18:54:36.503] [INFO] INFO - Ruta GET - "localhost:8080" accedida
[2023-01-18T18:54:45.130] [INFO] INFO - Ruta POST - "localhost:8080" accedida
[2023-01-18T18:54:46.645] [INFO] INFO - Ruta GET - "localhost:8080" accedida
[2023-01-18T21:11:23.889] [INFO] INFO - Ruta GET - "localhost:8080" accedida
[2023-01-18T21:11:29.553] [INFO] INFO - Ruta GET - "localhost:8080" accedida
[2023-01-18T21:11:38.147] [INFO] INFO - Ruta POST - "localhost:8080" accedida
[2023-01-18T21:11:40.380] [INFO] INFO - Ruta GET - "localhost:8080" accedida
[2023-01-18T21:15:00.047] [INFO] INFO - Ruta GET - "localhost:8080" accedida
[2023-01-18T21:17:10.877] [INFO] INFO - Ruta POST - "localhost:8080" accedida
[2023-01-18T21:17:12.149] [INFO] INFO - Ruta GET - "localhost:8080" accedida
[2023-01-18T21:17:16.333] [INFO] INFO - Ruta GET - "localhost:8080" accedida
[2023-01-18T21:21:08.766] [INFO] INFO - Ruta GET - "localhost:8080" accedida
[2023-01-18T21:21:08.787] [INFO] INFO - Ruta GET - "localhost:8080" accedida
[2023-01-18T21:21:11.782] [INFO] INFO - Ruta GET - "localhost:8080" accedida
[2023-01-18T21:21:17.829] [INFO] INFO - Ruta POST - "localhost:8080" accedida
[2023-01-18T21:21:19.079] [INFO] INFO - Ruta GET - "localhost:8080" accedida
[2023-01-18T21:21:27.892] [INFO] INFO - Ruta GET - "localhost:8080" accedida
[2023-01-18T21:26:31.920] [INFO] INFO - Ruta GET - "localhost:8080" accedida
[2023-01-18T21:26:32.020] [INFO] INFO - Ruta GET - "localhost:8080" accedida
[2023-01-18T21:26:33.668] [INFO] INFO - Ruta GET - "localhost:8080" accedida
[2023-01-18T21:26:44.372] [INFO] INFO - Ruta POST - "localhost:8080" accedida
[2023-01-18T21:26:45.930] [INFO] INFO - Ruta GET - "localhost:8080" accedida
[2023-01-18T21:27:40.501] [INFO] INFO - Ruta GET - "localhost:8080" accedida
[2023-01-18T21:30:40.207] [INFO] INFO - Ruta POST - "localhost:8080" accedida
[2023-01-18T21:30:41.473] [INFO] INFO - Ruta GET - "localhost:8080" accedida
[2023-01-18T21:45:44.141] [INFO] INFO - Ruta GET - "localhost:8080" accedida
[2023-01-18T21:48:05.553] [INFO] INFO - Ruta GET - "localhost:8080/products" accedida
[2023-02-23T19:48:26.836] [INFO] INFO - Ruta GET - "localhost:8080" accedida
[2023-02-23T19:48:29.945] [INFO] INFO - Ruta GET - "localhost:8080" accedida
[2023-02-23T19:48:37.626] [INFO] INFO - Ruta GET - "localhost:8080/products" accedida
[2023-02-23T19:48:40.513] [INFO] INFO - Ruta GET - "localhost:8080/products" accedida
[2023-02-23T19:48:44.930] [INFO] INFO - Ruta GET - "localhost:8080/products" accedida
[2023-02-23T19:48:48.531] [INFO] INFO - Ruta POST - "localhost:8080/products" accedida
[2023-02-23T19:48:51.064] [INFO] INFO - Ruta POST - "localhost:8080/products" accedida
[2023-02-23T19:48:56.524] [INFO] INFO - Ruta GET - "localhost:8080/products" accedida
[2023-02-23T19:48:56.561] [INFO] INFO - Ruta GET - "localhost:8080/products" accedida
[2023-02-23T19:49:15.513] [INFO] INFO - Ruta POST - "localhost:8080/products" accedida
[2023-02-23T19:50:10.060] [INFO] INFO - Ruta GET - "localhost:8080" accedida
[2023-02-23T19:50:13.231] [INFO] INFO - Ruta GET - "localhost:8080/products" accedida
[2023-02-23T19:50:13.820] [INFO] INFO - Ruta GET - "localhost:8080/products" accedida
[2023-02-23T19:50:13.849] [INFO] INFO - Ruta GET - "localhost:8080/products" accedida
[2023-02-23T19:50:31.744] [INFO] INFO - Ruta POST - "localhost:8080/products" accedida
[2023-02-23T19:50:31.783] [INFO] INFO - Ruta GET - "localhost:8080/products" accedida
[2023-02-23T19:50:50.024] [INFO] INFO - Ruta GET - "localhost:8080/products" accedida
[2023-02-23T19:50:51.809] [INFO] INFO - Ruta GET - "localhost:8080/products" accedida
[2023-02-23T19:50:53.754] [INFO] INFO - Ruta GET - "localhost:8080/products" accedida
[2023-02-23T19:50:58.639] [INFO] INFO - Ruta POST - "localhost:8080/products" accedida
[2023-02-23T19:51:09.353] [INFO] INFO - Ruta GET - "localhost:8080/products" accedida
[2023-02-23T19:51:11.256] [INFO] INFO - Ruta GET - "localhost:8080/products" accedida
[2023-02-23T19:51:40.899] [INFO] INFO - Ruta GET - "localhost:8080/products" accedida
[2023-02-23T19:51:40.926] [INFO] INFO - Ruta GET - "localhost:8080/products" accedida
[2023-02-23T19:51:43.726] [INFO] INFO - Ruta GET - "localhost:8080/products" accedida
[2023-02-23T19:51:45.343] [INFO] INFO - Ruta GET - "localhost:8080/products" accedida
[2023-02-23T19:51:47.956] [INFO] INFO - Ruta POST - "localhost:8080/products" accedida
[2023-02-23T19:52:06.510] [INFO] INFO - Ruta POST - "localhost:8080/products" accedida
[2023-02-23T19:52:16.210] [INFO] INFO - Ruta GET - "localhost:8080" accedida
[2023-02-23T19:52:21.982] [INFO] INFO - Ruta GET - "localhost:8080" accedida
[2023-02-23T19:52:22.000] [INFO] INFO - Ruta GET - "localhost:8080" accedida
[2023-02-23T19:52:25.254] [INFO] INFO - Ruta GET - "localhost:8080" accedida
[2023-02-23T19:52:40.027] [INFO] INFO - Ruta POST - "localhost:8080" accedida
[2023-02-23T19:53:10.021] [INFO] INFO - Ruta GET - "localhost:8080" accedida
[2023-02-23T19:53:38.852] [INFO] INFO - Ruta POST - "localhost:8080" accedida
[2023-02-23T19:53:40.410] [INFO] INFO - Ruta GET - "localhost:8080" accedida
[2023-02-23T19:53:45.653] [INFO] INFO - Ruta GET - "localhost:8080" accedida
[2023-02-23T19:53:52.352] [INFO] INFO - Ruta GET - "localhost:8080" accedida
[2023-02-23T19:53:52.372] [INFO] INFO - Ruta GET - "localhost:8080" accedida
[2023-02-23T19:53:56.712] [INFO] INFO - Ruta GET - "localhost:8080" accedida
[2023-02-23T19:54:17.380] [INFO] INFO - Ruta POST - "localhost:8080" accedida
[2023-02-23T19:54:18.538] [INFO] INFO - Ruta GET - "localhost:8080" accedida
[2023-02-23T19:54:24.530] [INFO] INFO - Ruta GET - "localhost:8080" accedida
[2023-02-23T19:54:32.263] [INFO] INFO - Ruta GET - "localhost:8080" accedida
[2023-02-23T19:54:32.279] [INFO] INFO - Ruta GET - "localhost:8080" accedida
[2023-02-23T19:54:42.992] [INFO] INFO - Ruta GET - "localhost:8080" accedida
[2023-02-23T19:54:46.206] [INFO] INFO - Ruta GET - "localhost:8080" accedida
[2023-02-23T19:54:51.047] [INFO] INFO - Ruta GET - "localhost:8080/products" accedida
[2023-02-23T19:54:51.089] [INFO] INFO - Ruta GET - "localhost:8080/products" accedida
[2023-02-23T19:55:02.453] [INFO] INFO - Ruta POST - "localhost:8080/products" accedida
[2023-02-23T19:55:02.474] [INFO] INFO - Ruta GET - "localhost:8080/products" accedida
[2023-02-23T21:25:43.075] [INFO] INFO - Ruta GET - "192.168.123.34:8080" accedida
[2023-02-27T21:06:19.944] [INFO] INFO - Ruta GET - "localhost:8080" accedida
[2023-02-27T21:06:24.498] [INFO] INFO - Ruta GET - "localhost:8080" accedida
[2023-02-27T21:06:26.891] [INFO] INFO - Ruta GET - "localhost:8080" accedida
[2023-02-27T21:06:26.913] [INFO] INFO - Ruta GET - "localhost:8080" accedida
[2023-02-27T21:06:28.108] [INFO] INFO - Ruta GET - "localhost:8080" accedida
[2023-02-27T21:06:47.623] [INFO] INFO - Ruta POST - "localhost:8080" accedida
[2023-02-27T21:06:49.159] [INFO] INFO - Ruta GET - "localhost:8080" accedida
[2023-02-27T21:06:57.298] [INFO] INFO - Ruta GET - "localhost:8080" accedida
[2023-02-27T21:07:02.483] [INFO] INFO - Ruta GET - "localhost:8080" accedida
[2023-02-27T21:10:50.435] [INFO] INFO - Ruta GET - "localhost:8080/products" accedida
[2023-02-27T21:10:50.530] [INFO] INFO - Ruta GET - "localhost:8080/products" accedida
[2023-02-27T21:10:53.532] [INFO] INFO - Ruta GET - "localhost:8080/products" accedida
[2023-02-27T21:11:44.504] [INFO] INFO - Ruta POST - "localhost:8080/products" accedida
[2023-02-27T21:11:44.549] [INFO] INFO - Ruta GET - "localhost:8080/products" accedida
[2023-02-27T21:11:53.642] [INFO] INFO - Ruta GET - "localhost:8080" accedida
[2023-02-27T21:11:58.508] [INFO] INFO - Ruta GET - "localhost:8080/products" accedida
[2023-02-27T21:12:01.740] [INFO] INFO - Ruta GET - "localhost:8080/products" accedida
[2023-02-27T21:12:28.526] [INFO] INFO - Ruta GET - "localhost:8080/products" accedida
[2023-02-27T21:12:36.346] [INFO] INFO - Ruta POST - "localhost:8080/products" accedida
[2023-02-27T21:16:41.039] [INFO] INFO - Ruta GET - "localhost:8080/products" accedida
[2023-02-27T21:18:49.583] [INFO] INFO - Ruta GET - "localhost:8080/products" accedida
[2023-02-27T21:19:01.781] [INFO] INFO - Ruta GET - "localhost:8080/products" accedida
[2023-02-27T21:19:05.718] [INFO] INFO - Ruta GET - "localhost:8080/products" accedida
[2023-02-27T21:19:33.570] [INFO] INFO - Ruta POST - "localhost:8080/products" accedida
[2023-02-27T21:20:14.805] [INFO] INFO - Ruta POST - "localhost:8080/products" accedida
[2023-02-27T21:21:42.459] [INFO] INFO - Ruta POST - "localhost:8080/products" accedida
[2023-02-27T21:21:54.961] [INFO] INFO - Ruta POST - "localhost:8080/products" accedida
[2023-02-27T21:22:06.528] [INFO] INFO - Ruta POST - "localhost:8080/products" accedida
[2023-02-27T21:22:14.784] [INFO] INFO - Ruta GET - "localhost:8080/products" accedida
[2023-02-27T21:22:14.819] [INFO] INFO - Ruta GET - "localhost:8080/products" accedida
[2023-02-27T21:22:55.063] [INFO] INFO - Ruta GET - "localhost:8080/products" accedida
[2023-02-27T21:25:56.856] [INFO] INFO - Ruta GET - "localhost:8080/products" accedida
[2023-02-27T21:26:00.239] [INFO] INFO - Ruta GET - "localhost:8080/products" accedida
[2023-02-27T21:26:06.724] [INFO] INFO - Ruta POST - "localhost:8080/products" accedida
[2023-02-27T21:26:06.811] [INFO] INFO - Ruta GET - "localhost:8080/products" accedida
[2023-02-27T21:26:31.064] [INFO] INFO - Ruta POST - "localhost:8080/products" accedida
[2023-02-27T21:28:02.835] [INFO] INFO - Ruta POST - "localhost:8080/products" accedida
[2023-02-27T21:28:47.333] [INFO] INFO - Ruta POST - "localhost:8080/products" accedida
[2023-02-27T21:29:19.274] [INFO] INFO - Ruta GET - "localhost:8080/products" accedida
[2023-02-27T21:29:26.442] [INFO] INFO - Ruta GET - "localhost:8080/products" accedida
[2023-02-27T21:31:10.072] [INFO] INFO - Ruta GET - "localhost:8080/products" accedida
[2023-02-27T21:31:15.232] [INFO] INFO - Ruta POST - "localhost:8080/products" accedida
[2023-02-27T21:31:49.092] [INFO] INFO - Ruta GET - "localhost:8080/products" accedida
[2023-02-27T21:31:50.443] [INFO] INFO - Ruta POST - "localhost:8080/products" accedida
[2023-02-27T21:31:50.476] [INFO] INFO - Ruta GET - "localhost:8080/products" accedida
[2023-02-27T21:32:09.559] [INFO] INFO - Ruta GET - "localhost:8080/products" accedida
[2023-02-27T21:32:11.175] [INFO] INFO - Ruta POST - "localhost:8080/products" accedida
[2023-02-27T21:32:11.201] [INFO] INFO - Ruta GET - "localhost:8080/products" accedida
[2023-02-27T21:32:19.717] [INFO] INFO - Ruta GET - "localhost:8080/products" accedida
[2023-02-27T21:32:19.747] [INFO] INFO - Ruta GET - "localhost:8080/products" accedida
[2023-02-27T21:33:16.471] [INFO] INFO - Ruta GET - "localhost:8080" accedida
[2023-02-27T21:48:56.931] [INFO] INFO - Ruta GET - "localhost:8080" accedida
[2023-02-27T21:49:13.657] [INFO] INFO - Ruta GET - "localhost:8080" accedida
[2023-02-27T21:50:10.348] [INFO] INFO - Ruta GET - "localhost:8080" accedida
[2023-03-01T21:36:50.411] [INFO] INFO - Ruta GET - "localhost:8080" accedida
[2023-03-01T21:39:44.679] [INFO] INFO - Ruta GET - "localhost:8080" accedida
[2023-03-01T21:41:34.052] [INFO] INFO - Ruta GET - "localhost:8080" accedida
[2023-03-01T21:51:32.610] [INFO] INFO - Ruta GET - "localhost:8080" accedida
[2023-03-01T21:51:35.106] [INFO] INFO - Ruta GET - "localhost:8080" accedida
[2023-03-01T23:15:05.198] [INFO] INFO - Ruta GET - "localhost:8080" accedida
[2023-03-01T23:16:44.493] [INFO] INFO - Ruta GET - "localhost:8080" accedida
[2023-03-01T23:16:46.657] [INFO] INFO - Ruta GET - "localhost:8080" accedida
[2023-03-01T23:19:11.219] [INFO] INFO - Ruta GET - "localhost:8080" accedida
[2023-03-05T17:56:17.844] [INFO] INFO - Ruta GET - "localhost:8080" accedida
[2023-03-05T17:56:24.550] [INFO] INFO - Ruta GET - "localhost:8080" accedida
[2023-03-05T17:56:36.713] [INFO] INFO - Ruta GET - "localhost:8080/products" accedida
[2023-03-09T14:33:27.938] [INFO] INFO - Ruta GET - "localhost:8080" accedida
[2023-03-09T15:05:30.330] [INFO] INFO - Ruta GET - "localhost:8080" accedida
[2023-03-09T15:05:32.652] [INFO] INFO - Ruta GET - "localhost:8080" accedida
[2023-03-09T15:05:37.928] [INFO] INFO - Ruta GET - "localhost:8080/products" accedida
[2023-03-09T15:05:37.964] [INFO] INFO - Ruta GET - "localhost:8080/products" accedida
[2023-03-09T15:05:44.589] [INFO] INFO - Ruta GET - "localhost:8080/products" accedida
[2023-03-14T17:08:02.921] [INFO] INFO - Ruta GET - "localhost:8080" accedida
[2023-03-14T17:08:06.800] [INFO] INFO - Ruta GET - "localhost:8080" accedida
[2023-03-14T17:08:13.218] [INFO] INFO - Ruta GET - "localhost:8080/products" accedida
[2023-03-14T17:08:13.252] [INFO] INFO - Ruta GET - "localhost:8080/products" accedida
[2023-03-14T17:08:39.046] [INFO] INFO - Ruta POST - "localhost:8080/products" accedida
[2023-03-14T17:08:39.098] [INFO] INFO - Ruta GET - "localhost:8080/products" accedida
[2023-03-14T17:08:42.841] [INFO] INFO - Ruta GET - "localhost:8080/products" accedida
[2023-03-15T16:12:29.981] [INFO] INFO - Ruta GET - "localhost:8080" accedida
[2023-03-15T16:31:20.922] [INFO] INFO - Ruta GET - "localhost:8080" accedida
[2023-03-15T16:31:23.360] [INFO] INFO - Ruta GET - "localhost:8080/products" accedida
[2023-03-15T16:31:23.407] [INFO] INFO - Ruta GET - "localhost:8080/products" accedida
[2023-03-15T16:31:25.825] [INFO] INFO - Ruta GET - "localhost:8080" accedida
[2023-03-15T16:31:27.082] [INFO] INFO - Ruta GET - "localhost:8080/products" accedida
[2023-03-15T16:36:30.165] [INFO] INFO - Ruta GET - "localhost:8080" accedida
[2023-03-15T16:36:39.229] [INFO] INFO - Ruta GET - "localhost:8080" accedida
[2023-03-15T16:36:39.245] [INFO] INFO - Ruta GET - "localhost:8080" accedida
[2023-03-15T16:36:55.682] [INFO] INFO - Ruta GET - "localhost:8080" accedida
[2023-03-15T16:37:26.768] [INFO] INFO - Ruta GET - "localhost:8080" accedida
[2023-03-15T16:37:37.986] [INFO] INFO - Ruta GET - "localhost:8080" accedida
[2023-03-15T16:38:02.010] [INFO] INFO - Ruta GET - "localhost:8080" accedida
[2023-03-15T16:38:57.353] [INFO] INFO - Ruta POST - "localhost:8080" accedida
[2023-03-15T16:38:58.970] [INFO] INFO - Ruta GET - "localhost:8080" accedida
[2023-03-15T16:39:06.231] [INFO] INFO - Ruta GET - "localhost:8080" accedida
[2023-03-15T16:43:27.915] [INFO] INFO - Ruta GET - "localhost:8080" accedida
[2023-03-15T16:43:27.995] [INFO] INFO - Ruta GET - "localhost:8080" accedida
[2023-03-15T16:43:30.249] [INFO] INFO - Ruta GET - "localhost:8080" accedida
[2023-03-15T16:49:55.649] [INFO] INFO - Ruta GET - "localhost:8080" accedida
[2023-03-15T16:50:07.276] [INFO] INFO - Ruta GET - "localhost:8080/products" accedida
[2023-03-15T16:50:57.256] [INFO] INFO - Ruta GET - "localhost:8080/products" accedida
[2023-03-15T16:51:29.705] [INFO] INFO - Ruta GET - "localhost:8080" accedida
[2023-03-15T16:51:45.206] [INFO] INFO - Ruta GET - "localhost:8080" accedida
[2023-03-15T16:51:46.926] [INFO] INFO - Ruta GET - "localhost:8080" accedida
[2023-03-15T16:53:07.777] [INFO] INFO - Ruta GET - "localhost:8080" accedida
[2023-03-15T16:53:11.537] [INFO] INFO - Ruta GET - "localhost:8080" accedida
[2023-03-15T16:53:29.080] [INFO] INFO - Ruta GET - "localhost:8080" accedida
[2023-03-15T16:54:43.488] [INFO] INFO - Ruta GET - "localhost:8080" accedida
[2023-03-15T16:54:45.110] [INFO] INFO - Ruta GET - "localhost:8080" accedida
[2023-03-15T16:55:00.853] [INFO] INFO - Ruta GET - "localhost:8080" accedida
[2023-03-15T16:56:10.622] [INFO] INFO - Ruta GET - "localhost:8080" accedida
[2023-03-15T16:57:35.150] [INFO] INFO - Ruta GET - "localhost:8080" accedida
[2023-03-15T16:57:48.058] [INFO] INFO - Ruta GET - "localhost:8080" accedida
[2023-03-15T16:57:48.081] [INFO] INFO - Ruta GET - "localhost:8080" accedida
[2023-03-15T16:57:53.582] [INFO] INFO - Ruta GET - "localhost:8080" accedida
[2023-03-15T16:58:05.384] [INFO] INFO - Ruta GET - "localhost:8080" accedida
[2023-03-15T16:58:05.405] [INFO] INFO - Ruta GET - "localhost:8080" accedida
[2023-03-15T16:58:12.782] [INFO] INFO - Ruta GET - "localhost:8080" accedida
[2023-03-15T17:24:53.711] [INFO] INFO - Ruta GET - "localhost:8080" accedida
[2023-03-15T17:24:56.333] [INFO] INFO - Ruta GET - "localhost:8080" accedida
[2023-03-15T17:24:56.383] [INFO] INFO - Ruta GET - "localhost:8080" accedida
[2023-03-15T17:25:08.334] [INFO] INFO - Ruta GET - "localhost:8080" accedida
[2023-03-15T17:25:12.024] [INFO] INFO - Ruta GET - "localhost:8080" accedida
[2023-03-15T17:25:38.856] [INFO] INFO - Ruta GET - "localhost:8080" accedida
[2023-03-15T17:26:03.097] [INFO] INFO - Ruta POST - "localhost:8080" accedida
[2023-03-15T17:26:04.945] [INFO] INFO - Ruta GET - "localhost:8080" accedida
[2023-03-15T17:26:11.708] [INFO] INFO - Ruta GET - "localhost:8080" accedida
[2023-03-15T17:26:28.109] [INFO] INFO - Ruta GET - "localhost:8080" accedida
[2023-03-15T17:26:30.542] [INFO] INFO - Ruta GET - "localhost:8080" accedida
[2023-03-15T17:28:18.141] [INFO] INFO - Ruta GET - "localhost:8080" accedida
[2023-03-15T17:28:21.218] [INFO] INFO - Ruta GET - "localhost:8080" accedida
[2023-03-15T17:28:32.178] [INFO] INFO - Ruta GET - "localhost:8080" accedida
[2023-03-15T17:28:47.583] [INFO] INFO - Ruta GET - "localhost:8080" accedida
[2023-03-15T17:28:51.029] [INFO] INFO - Ruta GET - "localhost:8080" accedida
[2023-03-15T17:29:02.289] [INFO] INFO - Ruta GET - "localhost:8080" accedida
[2023-03-15T17:29:05.002] [INFO] INFO - Ruta GET - "localhost:8080/products" accedida
[2023-03-15T17:29:05.034] [INFO] INFO - Ruta GET - "localhost:8080/products" accedida
[2023-03-15T17:29:08.080] [INFO] INFO - Ruta GET - "localhost:8080/products" accedida
[2023-03-15T18:48:00.577] [INFO] INFO - Ruta GET - "localhost:8080" accedida
[2023-03-15T18:48:03.125] [INFO] INFO - Ruta GET - "localhost:8080" accedida
[2023-03-15T18:48:07.238] [INFO] INFO - Ruta GET - "localhost:8080/products" accedida
[2023-03-15T18:48:07.274] [INFO] INFO - Ruta GET - "localhost:8080/products" accedida
[2023-03-15T18:50:20.413] [INFO] INFO - Ruta GET - "localhost:8080/products" accedida
[2023-03-15T18:50:20.468] [INFO] INFO - Ruta GET - "localhost:8080/products" accedida
[2023-03-15T18:53:32.423] [INFO] INFO - Ruta GET - "localhost:8080" accedida
[2023-03-15T18:53:32.476] [INFO] INFO - Ruta GET - "localhost:8080" accedida
[2023-03-15T18:54:06.869] [INFO] INFO - Ruta GET - "localhost:8080" accedida
[2023-03-15T18:54:26.262] [INFO] INFO - Ruta GET - "localhost:8080" accedida
[2023-03-15T18:54:28.621] [INFO] INFO - Ruta GET - "localhost:8080/products" accedida
[2023-03-15T18:54:28.655] [INFO] INFO - Ruta GET - "localhost:8080/products" accedida
[2023-03-15T18:55:14.590] [INFO] INFO - Ruta POST - "localhost:8080/products" accedida
[2023-03-15T18:55:14.638] [INFO] INFO - Ruta GET - "localhost:8080/products" accedida
[2023-03-15T18:57:00.981] [INFO] INFO - Ruta GET - "localhost:8080/products" accedida
[2023-03-15T18:57:19.823] [INFO] INFO - Ruta GET - "localhost:8080/products" accedida
[2023-03-15T18:57:37.211] [INFO] INFO - Ruta GET - "localhost:8080/products" accedida
[2023-03-15T18:57:39.673] [INFO] INFO - Ruta GET - "localhost:8080/products" accedida
[2023-03-15T18:58:11.764] [INFO] INFO - Ruta GET - "localhost:8080" accedida
[2023-03-15T18:58:15.229] [INFO] INFO - Ruta GET - "localhost:8080" accedida
[2023-03-15T18:58:15.251] [INFO] INFO - Ruta GET - "localhost:8080" accedida
[2023-03-15T18:58:17.183] [INFO] INFO - Ruta GET - "localhost:8080" accedida
[2023-03-16T13:40:14.228] [INFO] INFO - Ruta GET - "localhost:8080" accedida
[2023-03-16T13:40:17.014] [INFO] INFO - Ruta GET - "localhost:8080" accedida
[2023-03-16T13:40:21.067] [INFO] INFO - Ruta GET - "localhost:8080/products" accedida
[2023-03-16T13:40:21.101] [INFO] INFO - Ruta GET - "localhost:8080/products" accedida
[2023-03-16T13:40:45.038] [INFO] INFO - Ruta POST - "localhost:8080/products" accedida
[2023-03-16T13:41:38.441] [INFO] INFO - Ruta POST - "localhost:8080/products" accedida
[2023-03-16T13:41:38.498] [INFO] INFO - Ruta GET - "localhost:8080/products" accedida
[2023-03-16T13:42:30.139] [INFO] INFO - Ruta GET - "localhost:8080/products" accedida
[2023-03-16T13:42:39.701] [INFO] INFO - Ruta GET - "localhost:8080/products" accedida
[2023-03-16T13:42:50.196] [INFO] INFO - Ruta GET - "localhost:8080/products" accedida
