[2023-01-07T13:10:49.010] [ERROR] WARNING - Ruta GET - "/index.js" no encontrada
[2023-01-07T13:10:49.522] [ERROR] WARNING - Ruta GET - "/favicon.ico" no encontrada
[2023-01-07T13:10:54.519] [ERROR] WARNING - Ruta GET - "/register.js" no encontrada
[2023-01-07T13:11:02.914] [ERROR] WARNING - Ruta GET - "/index.js" no encontrada
[2023-01-07T13:11:06.834] [ERROR] WARNING - Ruta GET - "/dashboard.js" no encontrada
[2023-01-07T15:31:54.348] [ERROR] WARNING - Ruta GET - "/index.js" no encontrada
[2023-01-07T15:37:44.936] [ERROR] WARNING - Ruta GET - "/index.js" no encontrada
[2023-01-07T15:38:41.383] [ERROR] WARNING - Ruta GET - "/index.js" no encontrada
[2023-01-07T15:38:45.094] [ERROR] WARNING - Ruta GET - "/register.js" no encontrada
[2023-01-07T16:29:26.116] [ERROR] WARNING - Ruta GET - "/index.js" no encontrada
[2023-01-07T16:29:34.339] [ERROR] WARNING - Ruta GET - "/index.js" no encontrada
[2023-01-07T16:32:23.131] [ERROR] WARNING - Ruta GET - "/index.js" no encontrada
[2023-01-08T18:22:40.841] [ERROR] WARNING - Ruta GET - "/favicon.ico" no encontrada
[2023-01-10T19:23:34.686] [ERROR] WARNING - Ruta GET - "/favicon.ico" no encontrada
[2023-01-10T20:17:12.881] [ERROR] WARNING - Ruta GET - "/register.js" no encontrada
[2023-01-10T20:17:43.473] [ERROR] WARNING - Ruta GET - "/register.js" no encontrada
[2023-01-10T20:18:05.047] [ERROR] WARNING - Ruta GET - "/dashboard.js" no encontrada
[2023-01-10T20:19:21.581] [ERROR] WARNING - Ruta GET - "/dashboard.js" no encontrada
[2023-01-10T20:21:11.711] [ERROR] WARNING - Ruta GET - "/dashboard.js" no encontrada
[2023-01-11T13:17:25.077] [ERROR] WARNING - Ruta GET - "/favicon.ico" no encontrada
[2023-01-11T13:30:41.200] [ERROR] WARNING - Ruta GET - "/addproducts" no encontrada
[2023-01-11T13:38:52.203] [ERROR] WARNING - Ruta POST - "/products" no encontrada
[2023-01-11T13:38:59.143] [ERROR] WARNING - Ruta POST - "/products" no encontrada
[2023-01-11T13:39:37.231] [ERROR] WARNING - Ruta POST - "/products" no encontrada
[2023-01-11T13:39:54.118] [ERROR] WARNING - Ruta POST - "/products" no encontrada
[2023-01-11T13:47:10.669] [ERROR] WARNING - Ruta GET - "/login" no encontrada
[2023-01-11T13:47:31.080] [ERROR] WARNING - Ruta GET - "/login" no encontrada
[2023-01-11T13:47:55.882] [ERROR] WARNING - Ruta GET - "/register.js" no encontrada
[2023-01-11T13:48:06.297] [ERROR] WARNING - Ruta GET - "/login" no encontrada
[2023-01-11T13:48:10.276] [ERROR] WARNING - Ruta GET - "/login" no encontrada
[2023-01-11T13:52:08.355] [ERROR] WARNING - Ruta GET - "/register.js" no encontrada
[2023-01-11T13:52:17.759] [ERROR] WARNING - Ruta GET - "/dashboard.js" no encontrada
[2023-01-11T13:52:24.346] [ERROR] WARNING - Ruta GET - "/dashboard.js" no encontrada
[2023-01-11T13:52:32.387] [ERROR] WARNING - Ruta GET - "/dashboard.js" no encontrada
[2023-01-11T13:53:43.528] [ERROR] WARNING - Ruta GET - "/dashboard.js" no encontrada
[2023-01-11T13:54:22.609] [ERROR] WARNING - Ruta GET - "/dashboard.js" no encontrada
[2023-01-11T13:54:35.571] [ERROR] WARNING - Ruta GET - "/dashboard.js" no encontrada
[2023-01-11T13:54:46.612] [ERROR] WARNING - Ruta GET - "/dashboard.js" no encontrada
[2023-01-11T13:56:40.974] [ERROR] WARNING - Ruta GET - "/dashboard.js" no encontrada
[2023-01-11T13:57:15.660] [ERROR] WARNING - Ruta GET - "/dashboard.js" no encontrada
[2023-01-11T13:57:41.683] [ERROR] WARNING - Ruta GET - "/dashboard.js" no encontrada
[2023-01-11T13:58:41.473] [ERROR] WARNING - Ruta GET - "/dashboard.js" no encontrada
[2023-01-11T13:59:34.007] [ERROR] WARNING - Ruta GET - "/dashboard.js" no encontrada
[2023-01-11T13:59:36.700] [ERROR] WARNING - Ruta GET - "/dashboard.js" no encontrada
[2023-01-11T13:59:45.216] [ERROR] WARNING - Ruta GET - "/dashboard.js" no encontrada
[2023-01-11T13:59:47.364] [ERROR] WARNING - Ruta GET - "/dashboard.js" no encontrada
[2023-01-11T14:00:13.411] [ERROR] WARNING - Ruta GET - "/dashboard.js" no encontrada
[2023-01-11T14:00:16.680] [ERROR] WARNING - Ruta GET - "/dashboard.js" no encontrada
[2023-01-11T14:00:32.976] [ERROR] WARNING - Ruta GET - "/dashboard.js" no encontrada
[2023-01-11T14:00:45.311] [ERROR] WARNING - Ruta GET - "/dashboard.js" no encontrada
[2023-01-11T14:00:52.330] [ERROR] WARNING - Ruta GET - "/dashboard.js" no encontrada
[2023-01-12T19:52:20.126] [ERROR] WARNING - Ruta GET - "/favicon.ico" no encontrada
[2023-01-12T19:52:26.050] [ERROR] WARNING - Ruta GET - "/dashboard.js" no encontrada
[2023-01-12T19:52:32.065] [ERROR] WARNING - Ruta GET - "/dashboard.js" no encontrada
[2023-01-12T19:52:38.504] [ERROR] WARNING - Ruta GET - "/dashboard.js" no encontrada
[2023-01-12T19:52:41.332] [ERROR] WARNING - Ruta GET - "/dashboard.js" no encontrada
[2023-01-12T19:52:46.459] [ERROR] WARNING - Ruta GET - "/register.js" no encontrada
[2023-01-12T20:45:23.289] [ERROR] WARNING - Ruta GET - "/dashboard.js" no encontrada
[2023-01-12T21:05:24.742] [ERROR] WARNING - Ruta DELETE - "/api/productos/" no encontrada
[2023-01-12T21:05:29.853] [ERROR] WARNING - Ruta DELETE - "/api/productos" no encontrada
[2023-01-12T21:06:16.558] [ERROR] WARNING - Ruta GET - "/dashboard.js" no encontrada
[2023-01-12T21:06:37.721] [ERROR] WARNING - Ruta GET - "/register.js" no encontrada
[2023-01-12T21:06:47.972] [ERROR] WARNING - Ruta GET - "/register.js" no encontrada
[2023-01-13T15:09:58.657] [ERROR] WARNING - Ruta GET - "//addproducts" no encontrada
[2023-01-13T15:09:58.754] [ERROR] WARNING - Ruta GET - "/favicon.ico" no encontrada
[2023-01-13T15:10:00.783] [ERROR] WARNING - Ruta GET - "/dashboard.js" no encontrada
[2023-01-14T09:55:39.984] [ERROR] WARNING - Ruta GET - "/favicon.ico" no encontrada
[2023-01-14T10:24:02.078] [ERROR] WARNING - Ruta GET - "/dashboard.js" no encontrada
[2023-01-14T15:18:34.120] [ERROR] WARNING - Ruta GET - "/favicon.ico" no encontrada
[2023-01-14T15:23:24.556] [ERROR] WARNING - Ruta GET - "/dashboard.js" no encontrada
[2023-01-14T16:21:40.456] [ERROR] WARNING - Ruta GET - "/api/product" no encontrada
[2023-01-15T12:33:10.284] [ERROR] WARNING - Ruta GET - "/favicon.ico" no encontrada
[2023-01-15T12:33:20.214] [ERROR] WARNING - Ruta GET - "/dashboard.js" no encontrada
[2023-01-15T12:42:55.471] [ERROR] WARNING - Ruta GET - "/productos" no encontrada
[2023-01-15T12:45:22.003] [ERROR] WARNING - Ruta GET - "/productos" no encontrada
[2023-01-15T15:31:51.978] [ERROR] WARNING - Ruta GET - "/index.php?route=/server/databases" no encontrada
[2023-01-15T15:31:52.016] [ERROR] WARNING - Ruta GET - "/favicon.ico" no encontrada
[2023-01-15T15:47:28.397] [ERROR] WARNING - Ruta POST - "/login" no encontrada
[2023-01-15T15:51:56.469] [ERROR] WARNING - Ruta POST - "/login" no encontrada
[2023-01-15T15:54:08.007] [ERROR] WARNING - Ruta POST - "/" no encontrada
[2023-01-15T15:57:06.178] [ERROR] WARNING - Ruta POST - "/" no encontrada
[2023-01-15T16:02:59.194] [ERROR] WARNING - Ruta GET - "/dashboard.js" no encontrada
[2023-01-15T16:20:39.384] [ERROR] WARNING - Ruta GET - "/dashboard.js" no encontrada
[2023-01-15T16:21:14.169] [ERROR] WARNING - Ruta GET - "/register.js" no encontrada
[2023-01-15T16:28:48.361] [ERROR] WARNING - Ruta GET - "/register.js" no encontrada
[2023-01-15T16:30:06.676] [ERROR] WARNING - Ruta GET - "/register.js" no encontrada
[2023-01-15T16:33:28.230] [ERROR] WARNING - Ruta GET - "/register.js" no encontrada
[2023-01-15T16:34:43.690] [ERROR] WARNING - Ruta GET - "/register.js" no encontrada
[2023-01-15T16:35:11.503] [ERROR] WARNING - Ruta GET - "/dashboard.js" no encontrada
[2023-01-15T16:36:12.223] [ERROR] WARNING - Ruta GET - "/dashboard.js" no encontrada
[2023-01-15T16:36:16.513] [ERROR] WARNING - Ruta GET - "/register.js" no encontrada
[2023-01-15T16:48:46.402] [ERROR] WARNING - Ruta GET - "/register.js" no encontrada
[2023-01-15T16:49:44.498] [ERROR] WARNING - Ruta GET - "/register.js" no encontrada
[2023-01-15T16:51:39.556] [ERROR] WARNING - Ruta GET - "/register.js" no encontrada
[2023-01-15T16:51:46.862] [ERROR] WARNING - Ruta GET - "/register.js" no encontrada
[2023-01-15T16:51:49.080] [ERROR] WARNING - Ruta GET - "/register.js" no encontrada
[2023-01-15T16:51:59.267] [ERROR] WARNING - Ruta GET - "/register.js" no encontrada
[2023-01-15T16:58:01.210] [ERROR] WARNING - Ruta GET - "/register.js" no encontrada
[2023-01-15T16:58:20.445] [ERROR] WARNING - Ruta GET - "/register.js" no encontrada
[2023-01-15T16:59:03.260] [ERROR] WARNING - Ruta GET - "/register.js" no encontrada
[2023-01-15T17:01:55.266] [ERROR] WARNING - Ruta GET - "/register.js" no encontrada
[2023-01-15T17:03:34.524] [ERROR] WARNING - Ruta GET - "/register.js" no encontrada
[2023-01-15T17:06:30.344] [ERROR] WARNING - Ruta GET - "/register.js" no encontrada
[2023-01-15T17:09:01.606] [ERROR] WARNING - Ruta GET - "/register.js" no encontrada
[2023-01-15T17:14:44.783] [ERROR] WARNING - Ruta GET - "/images/" no encontrada
[2023-01-15T17:14:53.980] [ERROR] WARNING - Ruta GET - "/assets/images" no encontrada
[2023-01-15T17:15:31.687] [ERROR] WARNING - Ruta GET - "/dashboard.js" no encontrada
[2023-01-15T17:16:30.784] [ERROR] WARNING - Ruta GET - "/dashboard.js" no encontrada
[2023-01-15T17:16:37.313] [ERROR] WARNING - Ruta GET - "/dashboard.js" no encontrada
[2023-01-15T17:19:10.547] [ERROR] WARNING - Ruta GET - "/dashboard.js" no encontrada
[2023-01-15T17:21:35.080] [ERROR] WARNING - Ruta GET - "/image-1673813466506.jpeg" no encontrada
[2023-01-15T17:21:35.348] [ERROR] WARNING - Ruta GET - "/dashboard.js" no encontrada
[2023-01-15T17:21:47.913] [ERROR] WARNING - Ruta GET - "/imgages" no encontrada
[2023-01-15T17:21:50.262] [ERROR] WARNING - Ruta GET - "/imgage" no encontrada
[2023-01-15T17:23:00.231] [ERROR] WARNING - Ruta GET - "/assets/images/" no encontrada
[2023-01-15T17:24:38.938] [ERROR] WARNING - Ruta GET - "/assets/images/" no encontrada
[2023-01-15T17:25:40.020] [ERROR] WARNING - Ruta GET - "/assets/images/" no encontrada
[2023-01-15T17:26:20.359] [ERROR] WARNING - Ruta GET - "/assets/images/" no encontrada
[2023-01-15T17:26:23.101] [ERROR] WARNING - Ruta GET - "/dashboard.js" no encontrada
[2023-01-15T17:27:06.247] [ERROR] WARNING - Ruta GET - "/dashboard.js" no encontrada
[2023-01-15T17:27:26.962] [ERROR] WARNING - Ruta GET - "/dashboard.js" no encontrada
[2023-01-15T17:27:40.210] [ERROR] WARNING - Ruta GET - "/dashboard.js" no encontrada
[2023-01-15T17:27:54.402] [ERROR] WARNING - Ruta GET - "/dashboard.js" no encontrada
[2023-01-15T17:28:11.759] [ERROR] WARNING - Ruta GET - "/dashboard.js" no encontrada
[2023-01-15T17:28:20.338] [ERROR] WARNING - Ruta GET - "/addproducts" no encontrada
[2023-01-15T17:29:12.581] [ERROR] WARNING - Ruta GET - "/dashboard.js" no encontrada
[2023-01-15T17:33:27.789] [ERROR] WARNING - Ruta GET - "/dashboard.js" no encontrada
[2023-01-15T17:57:02.150] [ERROR] WARNING - Ruta GET - "/api/products" no encontrada
[2023-01-15T17:57:38.180] [ERROR] WARNING - Ruta GET - "/dashboard.js" no encontrada
[2023-01-15T17:58:59.582] [ERROR] WARNING - Ruta GET - "/dashboard.js" no encontrada
[2023-01-15T17:59:00.696] [ERROR] WARNING - Ruta GET - "/productos" no encontrada
[2023-01-15T17:59:09.063] [ERROR] WARNING - Ruta GET - "/productos" no encontrada
[2023-01-15T17:59:12.234] [ERROR] WARNING - Ruta GET - "/dashboard.js" no encontrada
[2023-01-15T17:59:16.081] [ERROR] WARNING - Ruta GET - "/dashboard.js" no encontrada
[2023-01-15T18:00:25.231] [ERROR] WARNING - Ruta GET - "/dashboard.js" no encontrada
[2023-01-15T18:01:09.614] [ERROR] WARNING - Ruta GET - "/dashboard.js" no encontrada
[2023-01-15T18:01:44.630] [ERROR] WARNING - Ruta GET - "/dashboard.js" no encontrada
[2023-01-15T18:01:46.258] [ERROR] WARNING - Ruta GET - "/dashboard.js" no encontrada
[2023-01-15T18:03:51.835] [ERROR] WARNING - Ruta GET - "/dashboard.js" no encontrada
[2023-01-15T18:19:46.383] [ERROR] WARNING - Ruta GET - "/productos" no encontrada
[2023-01-15T18:20:23.061] [ERROR] WARNING - Ruta GET - "/addproducts" no encontrada
[2023-01-15T18:24:58.581] [ERROR] WARNING - Ruta GET - "/dashboard.js" no encontrada
[2023-01-16T17:22:18.797] [ERROR] WARNING - Ruta GET - "/favicon.ico" no encontrada
[2023-01-16T17:22:21.929] [ERROR] WARNING - Ruta GET - "/register.js" no encontrada
[2023-01-16T17:22:46.839] [ERROR] WARNING - Ruta GET - "/dashboard.js" no encontrada
[2023-01-16T17:22:55.703] [ERROR] WARNING - Ruta GET - "/register.js" no encontrada
[2023-01-16T17:23:22.554] [ERROR] WARNING - Ruta GET - "/dashboard.js" no encontrada
[2023-01-16T17:23:30.687] [ERROR] WARNING - Ruta GET - "/css/style.css" no encontrada
[2023-01-16T17:23:30.692] [ERROR] WARNING - Ruta GET - "/assets/images/imagen" no encontrada
[2023-01-16T17:23:30.855] [ERROR] WARNING - Ruta GET - "/assets/images/imagen" no encontrada
[2023-01-16T17:23:47.308] [ERROR] WARNING - Ruta GET - "/dashboard.js" no encontrada
[2023-01-16T17:23:51.438] [ERROR] WARNING - Ruta GET - "/dashboard.js" no encontrada
[2023-01-16T19:14:31.589] [ERROR] WARNING - Ruta GET - "/dashboard.js" no encontrada
[2023-01-16T19:17:59.516] [ERROR] WARNING - Ruta GET - "/cart" no encontrada
[2023-01-16T21:10:17.622] [ERROR] WARNING - Ruta GET - "/register.js" no encontrada
[2023-01-16T21:13:38.805] [ERROR] WARNING - Ruta GET - "/register.js" no encontrada
[2023-01-16T21:18:12.592] [ERROR] WARNING - Ruta GET - "/register.js" no encontrada
[2023-01-16T21:19:57.068] [ERROR] WARNING - Ruta GET - "/register.js" no encontrada
[2023-01-16T21:21:22.766] [ERROR] WARNING - Ruta GET - "/register.js" no encontrada
[2023-01-16T21:21:24.464] [ERROR] WARNING - Ruta GET - "/register.js" no encontrada
[2023-01-16T21:21:39.029] [ERROR] WARNING - Ruta GET - "/register.js" no encontrada
[2023-01-16T21:22:55.529] [ERROR] WARNING - Ruta GET - "/register.js" no encontrada
[2023-01-16T21:23:38.931] [ERROR] WARNING - Ruta GET - "/register.js" no encontrada
[2023-01-16T22:13:51.106] [ERROR] WARNING - Ruta GET - "/register.js" no encontrada
[2023-01-16T22:14:10.558] [ERROR] WARNING - Ruta GET - "/register.js" no encontrada
[2023-01-16T22:20:00.502] [ERROR] WARNING - Ruta GET - "/register.js" no encontrada
[2023-01-16T22:27:46.279] [ERROR] WARNING - Ruta GET - "/register.js" no encontrada
[2023-01-16T22:27:57.270] [ERROR] WARNING - Ruta GET - "/register.js" no encontrada
[2023-01-16T22:45:08.258] [ERROR] WARNING - Ruta GET - "/register.js" no encontrada
[2023-01-16T22:45:14.950] [ERROR] WARNING - Ruta GET - "/register.js" no encontrada
[2023-01-16T22:55:37.384] [ERROR] WARNING - Ruta GET - "/register.js" no encontrada
[2023-01-16T22:57:16.548] [ERROR] WARNING - Ruta GET - "/register.js" no encontrada
[2023-01-16T23:00:00.813] [ERROR] WARNING - Ruta GET - "/register.js" no encontrada
[2023-01-16T23:00:07.141] [ERROR] WARNING - Ruta GET - "/register.js" no encontrada
[2023-01-16T23:00:17.740] [ERROR] WARNING - Ruta GET - "/register.js" no encontrada
[2023-01-16T23:01:49.056] [ERROR] WARNING - Ruta GET - "/register.js" no encontrada
[2023-01-16T23:17:17.426] [ERROR] WARNING - Ruta GET - "/register.js" no encontrada
[2023-01-16T23:17:34.005] [ERROR] WARNING - Ruta GET - "/register.js" no encontrada
[2023-01-17T00:28:31.187] [ERROR] WARNING - Ruta GET - "/register.js" no encontrada
[2023-01-17T00:28:41.579] [ERROR] WARNING - Ruta GET - "/register.js" no encontrada
[2023-01-17T00:39:35.704] [ERROR] WARNING - Ruta GET - "/register.js" no encontrada
[2023-01-17T01:14:16.490] [ERROR] WARNING - Ruta GET - "/register.js" no encontrada
[2023-01-17T01:15:00.657] [ERROR] WARNING - Ruta GET - "/dashboard.js" no encontrada
[2023-01-17T01:15:08.615] [ERROR] WARNING - Ruta GET - "/css/style.css" no encontrada
[2023-01-17T01:15:08.638] [ERROR] WARNING - Ruta GET - "/assets/images/imagen" no encontrada
[2023-01-17T01:15:09.032] [ERROR] WARNING - Ruta GET - "/assets/images/imagen" no encontrada
[2023-01-17T01:15:21.156] [ERROR] WARNING - Ruta GET - "/dashboard.js" no encontrada
[2023-01-17T01:15:27.283] [ERROR] WARNING - Ruta GET - "/dashboard.js" no encontrada
[2023-01-17T01:18:57.450] [ERROR] WARNING - Ruta GET - "/register.js" no encontrada
[2023-01-17T01:21:36.749] [ERROR] WARNING - Ruta GET - "/register.js" no encontrada
[2023-01-17T02:06:38.409] [ERROR] WARNING - Ruta GET - "/register.js" no encontrada
[2023-01-17T02:11:01.883] [ERROR] WARNING - Ruta GET - "/register.js" no encontrada
[2023-01-17T02:15:09.852] [ERROR] WARNING - Ruta GET - "/register.js" no encontrada
[2023-01-17T02:21:23.242] [ERROR] WARNING - Ruta GET - "/register.js" no encontrada
[2023-01-17T03:15:52.689] [ERROR] WARNING - Ruta GET - "/register.js" no encontrada
[2023-01-17T03:17:13.966] [ERROR] WARNING - Ruta GET - "/register.js" no encontrada
[2023-01-17T03:29:53.993] [ERROR] WARNING - Ruta GET - "/register.js" no encontrada
[2023-01-17T03:31:37.374] [ERROR] WARNING - Ruta GET - "/register.js" no encontrada
[2023-01-17T03:33:10.478] [ERROR] WARNING - Ruta GET - "/register.js" no encontrada
[2023-01-17T03:33:38.632] [ERROR] WARNING - Ruta GET - "/dashboard.js" no encontrada
[2023-01-17T14:20:18.875] [ERROR] WARNING - Ruta GET - "/register.js" no encontrada
[2023-01-17T14:21:51.187] [ERROR] WARNING - Ruta GET - "/register.js" no encontrada
[2023-01-17T14:23:34.664] [ERROR] WARNING - Ruta GET - "/register.js" no encontrada
[2023-01-17T14:23:40.287] [ERROR] WARNING - Ruta GET - "/register.js" no encontrada
[2023-01-17T15:01:13.412] [ERROR] WARNING - Ruta GET - "/dashboard.js" no encontrada
[2023-01-17T15:22:48.719] [ERROR] WARNING - Ruta GET - "/dashboard.js" no encontrada
[2023-01-17T15:22:54.425] [ERROR] WARNING - Ruta GET - "/dashboard.js" no encontrada
[2023-01-17T15:22:58.575] [ERROR] WARNING - Ruta GET - "/register.js" no encontrada
[2023-01-17T15:36:31.381] [ERROR] WARNING - Ruta GET - "/register.js" no encontrada
[2023-01-17T15:37:32.252] [ERROR] WARNING - Ruta GET - "/register.js" no encontrada
[2023-01-17T15:54:45.613] [ERROR] WARNING - Ruta GET - "/index.php?route=/server/databases" no encontrada
[2023-01-17T15:54:45.657] [ERROR] WARNING - Ruta GET - "/favicon.ico" no encontrada
[2023-01-17T15:54:51.308] [ERROR] WARNING - Ruta GET - "/register.js" no encontrada
[2023-01-17T15:56:44.978] [ERROR] WARNING - Ruta GET - "/register.js" no encontrada
[2023-01-17T15:58:19.185] [ERROR] WARNING - Ruta GET - "/register.js" no encontrada
[2023-01-17T18:07:32.758] [ERROR] WARNING - Ruta GET - "/api/products" no encontrada
[2023-01-17T18:15:29.852] [ERROR] WARNING - Ruta GET - "/api/cart/63c0734911486cc1af1ebe42" no encontrada
[2023-01-17T18:16:59.104] [ERROR] WARNING - Ruta GET - "/dashboard.js" no encontrada
[2023-01-17T18:17:37.309] [ERROR] WARNING - Ruta GET - "/dashboard.js" no encontrada
[2023-01-17T18:17:38.677] [ERROR] WARNING - Ruta GET - "/css/style.css" no encontrada
[2023-01-17T18:17:41.081] [ERROR] WARNING - Ruta GET - "/dashboard.js" no encontrada
[2023-01-17T18:17:43.959] [ERROR] WARNING - Ruta GET - "/css/style.css" no encontrada
[2023-01-18T17:37:02.786] [ERROR] WARNING - Ruta GET - "/favicon.ico" no encontrada
[2023-01-18T17:37:05.784] [ERROR] WARNING - Ruta GET - "/register.js" no encontrada
[2023-01-18T17:38:15.394] [ERROR] WARNING - Ruta GET - "/register.js" no encontrada
[2023-01-18T17:42:18.690] [ERROR] WARNING - Ruta GET - "/dashboard.js" no encontrada
[2023-01-18T18:19:38.316] [ERROR] WARNING - Ruta GET - "/dashboard.js" no encontrada
[2023-01-18T18:19:45.762] [ERROR] WARNING - Ruta GET - "/register.js" no encontrada
[2023-01-18T18:27:22.627] [ERROR] WARNING - Ruta GET - "/loguin" no encontrada
[2023-01-18T18:53:10.238] [ERROR] WARNING - Ruta GET - "/dashboard.js" no encontrada
[2023-01-18T18:53:12.824] [ERROR] WARNING - Ruta GET - "/css/style.css" no encontrada
[2023-01-18T18:53:12.830] [ERROR] WARNING - Ruta GET - "/assets/images/imagen" no encontrada
[2023-01-18T18:53:12.969] [ERROR] WARNING - Ruta GET - "/assets/images/imagen" no encontrada
[2023-01-18T18:54:32.768] [ERROR] WARNING - Ruta GET - "/dashboard.js" no encontrada
[2023-01-18T18:54:36.537] [ERROR] WARNING - Ruta GET - "/register.js" no encontrada
[2023-01-18T21:11:24.838] [ERROR] WARNING - Ruta GET - "/favicon.ico" no encontrada
[2023-01-18T21:11:29.589] [ERROR] WARNING - Ruta GET - "/register.js" no encontrada
[2023-01-18T21:15:00.103] [ERROR] WARNING - Ruta GET - "/register.js" no encontrada
[2023-01-18T21:17:16.401] [ERROR] WARNING - Ruta GET - "/dashboard.js" no encontrada
[2023-01-18T21:21:11.825] [ERROR] WARNING - Ruta GET - "/register.js" no encontrada
[2023-01-18T21:21:27.950] [ERROR] WARNING - Ruta GET - "/dashboard.js" no encontrada
[2023-01-18T21:26:33.713] [ERROR] WARNING - Ruta GET - "/register.js" no encontrada
[2023-01-18T21:27:40.540] [ERROR] WARNING - Ruta GET - "/register.js" no encontrada
[2023-01-18T21:45:44.220] [ERROR] WARNING - Ruta GET - "/register.js" no encontrada
[2023-01-18T21:48:00.867] [ERROR] WARNING - Ruta GET - "/productos" no encontrada
[2023-01-18T21:48:16.180] [ERROR] WARNING - Ruta GET - "/api/products" no encontrada
[2023-02-23T19:48:27.328] [ERROR] WARNING - Ruta GET - "/favicon.ico" no encontrada
[2023-02-23T19:48:29.994] [ERROR] WARNING - Ruta GET - "/dashboard.js" no encontrada
[2023-02-23T19:48:37.665] [ERROR] WARNING - Ruta GET - "/css/style.css" no encontrada
[2023-02-23T19:48:37.673] [ERROR] WARNING - Ruta GET - "/assets/images/imagen" no encontrada
[2023-02-23T19:48:37.811] [ERROR] WARNING - Ruta GET - "/assets/images/imagen" no encontrada
[2023-02-23T19:48:40.556] [ERROR] WARNING - Ruta GET - "/assets/images/imagen" no encontrada
[2023-02-23T19:50:10.221] [ERROR] WARNING - Ruta GET - "/dashboard.js" no encontrada
[2023-02-23T19:50:13.271] [ERROR] WARNING - Ruta GET - "/css/style.css" no encontrada
[2023-02-23T19:50:13.390] [ERROR] WARNING - Ruta GET - "/assets/images/imagen" no encontrada
[2023-02-23T19:50:13.636] [ERROR] WARNING - Ruta GET - "/assets/images/imagen" no encontrada
[2023-02-23T19:50:31.825] [ERROR] WARNING - Ruta GET - "/css/style.css" no encontrada
[2023-02-23T19:50:31.838] [ERROR] WARNING - Ruta GET - "/assets/images/imagen" no encontrada
[2023-02-23T19:50:32.029] [ERROR] WARNING - Ruta GET - "/assets/images/imagen" no encontrada
[2023-02-23T19:50:50.056] [ERROR] WARNING - Ruta GET - "/css/style.css" no encontrada
[2023-02-23T19:50:50.062] [ERROR] WARNING - Ruta GET - "/assets/images/imagen" no encontrada
[2023-02-23T19:50:50.198] [ERROR] WARNING - Ruta GET - "/assets/images/imagen" no encontrada
[2023-02-23T19:50:51.837] [ERROR] WARNING - Ruta GET - "/assets/images/imagen" no encontrada
[2023-02-23T19:51:09.381] [ERROR] WARNING - Ruta GET - "/assets/images/imagen" no encontrada
[2023-02-23T19:51:43.759] [ERROR] WARNING - Ruta GET - "/css/style.css" no encontrada
[2023-02-23T19:51:43.772] [ERROR] WARNING - Ruta GET - "/assets/images/imagen" no encontrada
[2023-02-23T19:51:43.916] [ERROR] WARNING - Ruta GET - "/assets/images/imagen" no encontrada
[2023-02-23T19:51:45.371] [ERROR] WARNING - Ruta GET - "/assets/images/imagen" no encontrada
[2023-02-23T19:51:47.971] [ERROR] WARNING - Ruta GET - "/productos" no encontrada
[2023-02-23T19:52:06.523] [ERROR] WARNING - Ruta GET - "/productos" no encontrada
[2023-02-23T19:52:16.242] [ERROR] WARNING - Ruta GET - "/dashboard.js" no encontrada
[2023-02-23T19:52:25.287] [ERROR] WARNING - Ruta GET - "/register.js" no encontrada
[2023-02-23T19:53:10.081] [ERROR] WARNING - Ruta GET - "/register.js" no encontrada
[2023-02-23T19:53:45.691] [ERROR] WARNING - Ruta GET - "/dashboard.js" no encontrada
[2023-02-23T19:53:56.743] [ERROR] WARNING - Ruta GET - "/register.js" no encontrada
[2023-02-23T19:54:24.559] [ERROR] WARNING - Ruta GET - "/dashboard.js" no encontrada
[2023-02-23T19:54:46.237] [ERROR] WARNING - Ruta GET - "/dashboard.js" no encontrada
[2023-02-23T19:55:02.513] [ERROR] WARNING - Ruta GET - "/css/style.css" no encontrada
[2023-02-23T19:55:02.520] [ERROR] WARNING - Ruta GET - "/assets/images/imagen" no encontrada
[2023-02-23T19:55:02.739] [ERROR] WARNING - Ruta GET - "/assets/images/imagen" no encontrada
[2023-02-23T21:25:49.236] [ERROR] WARNING - Ruta GET - "/HNAP1/" no encontrada
[2023-02-23T21:26:12.164] [ERROR] WARNING - Ruta GET - "/requested.html" no encontrada
[2023-02-27T21:06:20.388] [ERROR] WARNING - Ruta GET - "/favicon.ico" no encontrada
[2023-02-27T21:06:24.543] [ERROR] WARNING - Ruta GET - "/dashboard.js" no encontrada
[2023-02-27T21:06:28.135] [ERROR] WARNING - Ruta GET - "/register.js" no encontrada
[2023-02-27T21:07:02.512] [ERROR] WARNING - Ruta GET - "/dashboard.js" no encontrada
[2023-02-27T21:10:53.603] [ERROR] WARNING - Ruta GET - "/css/style.css" no encontrada
[2023-02-27T21:10:53.608] [ERROR] WARNING - Ruta GET - "/assets/images/imagen" no encontrada
[2023-02-27T21:10:53.910] [ERROR] WARNING - Ruta GET - "/assets/images/imagen" no encontrada
[2023-02-27T21:11:44.616] [ERROR] WARNING - Ruta GET - "/css/style.css" no encontrada
[2023-02-27T21:11:44.623] [ERROR] WARNING - Ruta GET - "/assets/images/imagen" no encontrada
[2023-02-27T21:11:44.988] [ERROR] WARNING - Ruta GET - "/assets/images/imagen" no encontrada
[2023-02-27T21:11:53.686] [ERROR] WARNING - Ruta GET - "/dashboard.js" no encontrada
[2023-02-27T21:11:58.551] [ERROR] WARNING - Ruta GET - "/css/style.css" no encontrada
[2023-02-27T21:11:58.573] [ERROR] WARNING - Ruta GET - "/assets/images/imagen" no encontrada
[2023-02-27T21:11:58.949] [ERROR] WARNING - Ruta GET - "/assets/images/imagen" no encontrada
[2023-02-27T21:12:01.772] [ERROR] WARNING - Ruta GET - "/assets/images/imagen" no encontrada
[2023-02-27T21:22:44.063] [ERROR] WARNING - Ruta GET - "/productos" no encontrada
[2023-02-27T21:22:51.856] [ERROR] WARNING - Ruta GET - "/productos" no encontrada
[2023-02-27T21:22:55.122] [ERROR] WARNING - Ruta GET - "/css/style.css" no encontrada
[2023-02-27T21:22:55.146] [ERROR] WARNING - Ruta GET - "/assets/images/imagen" no encontrada
[2023-02-27T21:26:06.990] [ERROR] WARNING - Ruta GET - "/css/style.css" no encontrada
[2023-02-27T21:26:07.037] [ERROR] WARNING - Ruta GET - "/assets/images/imagen" no encontrada
[2023-02-27T21:26:07.292] [ERROR] WARNING - Ruta GET - "/assets/images/imagen" no encontrada
[2023-02-27T21:26:31.083] [ERROR] WARNING - Ruta GET - "/productos" no encontrada
[2023-02-27T21:28:02.876] [ERROR] WARNING - Ruta GET - "/productos" no encontrada
[2023-02-27T21:28:47.375] [ERROR] WARNING - Ruta GET - "/productos" no encontrada
[2023-02-27T21:29:26.479] [ERROR] WARNING - Ruta GET - "/css/style.css" no encontrada
[2023-02-27T21:29:26.485] [ERROR] WARNING - Ruta GET - "/assets/images/imagen" no encontrada
[2023-02-27T21:29:26.647] [ERROR] WARNING - Ruta GET - "/assets/images/imagen" no encontrada
[2023-02-27T21:31:15.260] [ERROR] WARNING - Ruta GET - "/productos" no encontrada
[2023-02-27T21:31:29.338] [ERROR] WARNING - Ruta GET - "/productos" no encontrada
[2023-02-27T21:31:50.524] [ERROR] WARNING - Ruta GET - "/css/style.css" no encontrada
[2023-02-27T21:31:50.531] [ERROR] WARNING - Ruta GET - "/assets/images/imagen" no encontrada
[2023-02-27T21:31:50.761] [ERROR] WARNING - Ruta GET - "/assets/images/imagen" no encontrada
[2023-02-27T21:32:09.592] [ERROR] WARNING - Ruta GET - "/assets/images/imagen" no encontrada
[2023-02-27T21:32:11.245] [ERROR] WARNING - Ruta GET - "/css/style.css" no encontrada
[2023-02-27T21:32:11.251] [ERROR] WARNING - Ruta GET - "/assets/images/imagen" no encontrada
[2023-02-27T21:32:11.457] [ERROR] WARNING - Ruta GET - "/assets/images/imagen" no encontrada
[2023-02-27T21:33:16.608] [ERROR] WARNING - Ruta GET - "/dashboard.js" no encontrada
[2023-02-27T21:48:57.138] [ERROR] WARNING - Ruta GET - "/dashboard.js" no encontrada
[2023-02-27T21:49:13.924] [ERROR] WARNING - Ruta GET - "/dashboard.js" no encontrada
[2023-02-27T21:50:10.534] [ERROR] WARNING - Ruta GET - "/dashboard.js" no encontrada
[2023-02-27T22:01:39.771] [ERROR] WARNING - Ruta GET - "/socket.io/?EIO=4&transport=polling&t=OQLYXGe" no encontrada
[2023-02-27T22:01:40.885] [ERROR] WARNING - Ruta GET - "/socket.io/?EIO=4&transport=polling&t=OQLYXYB" no encontrada
[2023-02-27T22:01:42.055] [ERROR] WARNING - Ruta GET - "/socket.io/?EIO=4&transport=polling&t=OQLYXqS" no encontrada
[2023-02-27T22:01:45.604] [ERROR] WARNING - Ruta GET - "/socket.io/?EIO=4&transport=polling&t=OQLYYhx" no encontrada
[2023-02-27T22:01:50.620] [ERROR] WARNING - Ruta GET - "/socket.io/?EIO=4&transport=polling&t=OQLYZwJ" no encontrada
[2023-02-27T22:01:55.644] [ERROR] WARNING - Ruta GET - "/socket.io/?EIO=4&transport=polling&t=OQLYb8k" no encontrada
[2023-02-27T22:02:00.670] [ERROR] WARNING - Ruta GET - "/socket.io/?EIO=4&transport=polling&t=OQLYcNM" no encontrada
[2023-02-27T22:02:05.685] [ERROR] WARNING - Ruta GET - "/socket.io/?EIO=4&transport=polling&t=OQLYdbh" no encontrada
[2023-02-27T22:02:10.707] [ERROR] WARNING - Ruta GET - "/socket.io/?EIO=4&transport=polling&t=OQLYeqA" no encontrada
[2023-02-27T22:02:15.727] [ERROR] WARNING - Ruta GET - "/socket.io/?EIO=4&transport=polling&t=OQLYg2a" no encontrada
[2023-02-27T22:02:20.753] [ERROR] WARNING - Ruta GET - "/socket.io/?EIO=4&transport=polling&t=OQLYhH2" no encontrada
[2023-02-27T22:02:26.199] [ERROR] WARNING - Ruta GET - "/socket.io/?EIO=4&transport=polling&t=OQLYicA" no encontrada
[2023-02-27T22:02:32.183] [ERROR] WARNING - Ruta GET - "/socket.io/?EIO=4&transport=polling&t=OQLYk3j" no encontrada
[2023-02-27T22:02:38.139] [ERROR] WARNING - Ruta GET - "/socket.io/?EIO=4&transport=polling&t=OQLYlWo" no encontrada
[2023-02-27T22:02:44.135] [ERROR] WARNING - Ruta GET - "/socket.io/?EIO=4&transport=polling&t=OQLYm-W" no encontrada
[2023-02-27T22:02:50.144] [ERROR] WARNING - Ruta GET - "/socket.io/?EIO=4&transport=polling&t=OQLYoSP" no encontrada
[2023-02-27T22:03:09.066] [ERROR] WARNING - Ruta GET - "/socket.io/?EIO=4&transport=polling&t=OQLYr4t" no encontrada
[2023-02-27T22:03:15.134] [ERROR] WARNING - Ruta GET - "/socket.io/?EIO=4&transport=polling&t=OQLYuYs" no encontrada
[2023-02-27T22:03:21.145] [ERROR] WARNING - Ruta GET - "/socket.io/?EIO=4&transport=polling&t=OQLYw0o" no encontrada
[2023-02-27T22:03:27.146] [ERROR] WARNING - Ruta GET - "/socket.io/?EIO=4&transport=polling&t=OQLYxUa" no encontrada
[2023-02-27T22:03:33.137] [ERROR] WARNING - Ruta GET - "/socket.io/?EIO=4&transport=polling&t=OQLYyyB" no encontrada
[2023-02-27T22:03:39.146] [ERROR] WARNING - Ruta GET - "/socket.io/?EIO=4&transport=polling&t=OQLY-Q3" no encontrada
[2023-02-27T22:03:45.152] [ERROR] WARNING - Ruta GET - "/socket.io/?EIO=4&transport=polling&t=OQLY_tp" no encontrada
[2023-02-27T22:03:51.134] [ERROR] WARNING - Ruta GET - "/socket.io/?EIO=4&transport=polling&t=OQLZ1LO" no encontrada
[2023-02-27T22:03:57.135] [ERROR] WARNING - Ruta GET - "/socket.io/?EIO=4&transport=polling&t=OQLZ2p9" no encontrada
[2023-02-27T22:04:03.148] [ERROR] WARNING - Ruta GET - "/socket.io/?EIO=4&transport=polling&t=OQLZ4H3" no encontrada
[2023-02-27T22:04:09.139] [ERROR] WARNING - Ruta GET - "/socket.io/?EIO=4&transport=polling&t=OQLZ5kk" no encontrada
[2023-02-27T22:04:15.137] [ERROR] WARNING - Ruta GET - "/socket.io/?EIO=4&transport=polling&t=OQLZ7CS" no encontrada
[2023-02-27T22:04:21.146] [ERROR] WARNING - Ruta GET - "/socket.io/?EIO=4&transport=polling&t=OQLZ8gJ" no encontrada
[2023-02-27T22:04:27.143] [ERROR] WARNING - Ruta GET - "/socket.io/?EIO=4&transport=polling&t=OQLZA80" no encontrada
[2023-02-27T22:04:33.146] [ERROR] WARNING - Ruta GET - "/socket.io/?EIO=4&transport=polling&t=OQLZBbi" no encontrada
[2023-02-27T22:04:39.142] [ERROR] WARNING - Ruta GET - "/socket.io/?EIO=4&transport=polling&t=OQLZD3W" no encontrada
[2023-02-27T22:04:45.159] [ERROR] WARNING - Ruta GET - "/socket.io/?EIO=4&transport=polling&t=OQLZEXR" no encontrada
[2023-02-27T22:04:48.152] [ERROR] WARNING - Ruta GET - "/socket.io/socket.io.js" no encontrada
[2023-02-27T22:06:00.130] [ERROR] WARNING - Ruta GET - "/socket.io/?EIO=2&transport=polling&t=1677546360122-0" no encontrada
[2023-02-27T22:06:01.157] [ERROR] WARNING - Ruta GET - "/socket.io/?EIO=2&transport=polling&t=1677546361151-1" no encontrada
[2023-02-27T22:06:03.175] [ERROR] WARNING - Ruta GET - "/socket.io/?EIO=2&transport=polling&t=1677546363170-2" no encontrada
[2023-02-27T22:06:06.193] [ERROR] WARNING - Ruta GET - "/socket.io/?EIO=2&transport=polling&t=1677546366184-3" no encontrada
[2023-02-27T22:06:10.237] [ERROR] WARNING - Ruta GET - "/socket.io/?EIO=2&transport=polling&t=1677546370215-4" no encontrada
[2023-02-27T22:06:15.301] [ERROR] WARNING - Ruta GET - "/socket.io/?EIO=2&transport=polling&t=1677546375283-5" no encontrada
[2023-02-27T22:06:20.317] [ERROR] WARNING - Ruta GET - "/socket.io/?EIO=2&transport=polling&t=1677546380311-6" no encontrada
[2023-02-27T22:06:25.337] [ERROR] WARNING - Ruta GET - "/socket.io/?EIO=2&transport=polling&t=1677546385331-7" no encontrada
[2023-02-27T22:06:30.351] [ERROR] WARNING - Ruta GET - "/socket.io/?EIO=2&transport=polling&t=1677546390345-8" no encontrada
[2023-02-27T22:06:35.374] [ERROR] WARNING - Ruta GET - "/socket.io/?EIO=2&transport=polling&t=1677546395368-9" no encontrada
[2023-02-27T22:06:40.392] [ERROR] WARNING - Ruta GET - "/socket.io/?EIO=2&transport=polling&t=1677546400385-10" no encontrada
[2023-02-27T22:06:45.425] [ERROR] WARNING - Ruta GET - "/socket.io/?EIO=2&transport=polling&t=1677546405415-11" no encontrada
[2023-02-27T22:06:46.499] [ERROR] WARNING - Ruta GET - "/socket.io/?EIO=2&transport=polling&t=1677546406483-0" no encontrada
[2023-02-27T22:06:47.562] [ERROR] WARNING - Ruta GET - "/socket.io/?EIO=2&transport=polling&t=1677546407557-1" no encontrada
[2023-02-27T22:06:49.581] [ERROR] WARNING - Ruta GET - "/socket.io/?EIO=2&transport=polling&t=1677546409574-2" no encontrada
[2023-02-27T22:06:52.601] [ERROR] WARNING - Ruta GET - "/socket.io/?EIO=2&transport=polling&t=1677546412592-3" no encontrada
[2023-02-27T22:06:56.625] [ERROR] WARNING - Ruta GET - "/socket.io/?EIO=2&transport=polling&t=1677546416617-4" no encontrada
[2023-02-27T22:07:01.645] [ERROR] WARNING - Ruta GET - "/socket.io/?EIO=2&transport=polling&t=1677546421640-5" no encontrada
[2023-02-27T22:07:06.657] [ERROR] WARNING - Ruta GET - "/socket.io/?EIO=2&transport=polling&t=1677546426648-6" no encontrada
[2023-02-27T22:07:11.680] [ERROR] WARNING - Ruta GET - "/socket.io/?EIO=2&transport=polling&t=1677546431677-7" no encontrada
[2023-02-27T22:07:16.693] [ERROR] WARNING - Ruta GET - "/socket.io/?EIO=2&transport=polling&t=1677546436690-8" no encontrada
[2023-02-27T22:07:21.711] [ERROR] WARNING - Ruta GET - "/socket.io/?EIO=2&transport=polling&t=1677546441709-9" no encontrada
[2023-02-27T22:07:26.807] [ERROR] WARNING - Ruta GET - "/socket.io/?EIO=2&transport=polling&t=1677546446746-10" no encontrada
[2023-02-27T22:07:31.940] [ERROR] WARNING - Ruta GET - "/socket.io/?EIO=2&transport=polling&t=1677546451937-11" no encontrada
[2023-02-27T22:07:36.957] [ERROR] WARNING - Ruta GET - "/socket.io/?EIO=2&transport=polling&t=1677546456952-12" no encontrada
[2023-02-27T22:07:41.973] [ERROR] WARNING - Ruta GET - "/socket.io/?EIO=2&transport=polling&t=1677546461970-13" no encontrada
[2023-02-27T22:07:46.991] [ERROR] WARNING - Ruta GET - "/socket.io/?EIO=2&transport=polling&t=1677546466986-14" no encontrada
[2023-02-27T22:07:52.010] [ERROR] WARNING - Ruta GET - "/socket.io/?EIO=2&transport=polling&t=1677546472008-15" no encontrada
[2023-02-27T22:07:57.028] [ERROR] WARNING - Ruta GET - "/socket.io/?EIO=2&transport=polling&t=1677546477025-16" no encontrada
[2023-02-27T22:08:02.049] [ERROR] WARNING - Ruta GET - "/socket.io/?EIO=2&transport=polling&t=1677546482046-17" no encontrada
[2023-02-27T22:08:14.443] [ERROR] WARNING - Ruta GET - "/socket.io/?EIO=2&transport=polling&t=1677546494434-19" no encontrada
[2023-02-27T22:08:19.473] [ERROR] WARNING - Ruta GET - "/socket.io/?EIO=2&transport=polling&t=1677546499469-20" no encontrada
[2023-02-27T22:08:31.886] [ERROR] WARNING - Ruta GET - "/socket.io/?EIO=2&transport=polling&t=1677546511872-22" no encontrada
[2023-02-27T22:08:37.008] [ERROR] WARNING - Ruta GET - "/socket.io/?EIO=2&transport=polling&t=1677546516956-23" no encontrada
[2023-03-01T21:36:50.978] [ERROR] WARNING - Ruta GET - "/favicon.ico" no encontrada
[2023-03-01T21:51:35.153] [ERROR] WARNING - Ruta GET - "/dashboard.js" no encontrada
[2023-03-01T23:16:46.701] [ERROR] WARNING - Ruta GET - "/dashboard.js" no encontrada
[2023-03-01T23:19:11.298] [ERROR] WARNING - Ruta GET - "/dashboard.js" no encontrada
[2023-03-05T17:56:18.708] [ERROR] WARNING - Ruta GET - "/favicon.ico" no encontrada
[2023-03-05T17:56:24.596] [ERROR] WARNING - Ruta GET - "/dashboard.js" no encontrada
[2023-03-05T17:56:36.763] [ERROR] WARNING - Ruta GET - "/css/style.css" no encontrada
[2023-03-05T17:56:36.769] [ERROR] WARNING - Ruta GET - "/assets/images/imagen" no encontrada
[2023-03-05T17:56:36.946] [ERROR] WARNING - Ruta GET - "/assets/images/imagen" no encontrada
[2023-03-09T14:33:28.618] [ERROR] WARNING - Ruta GET - "/favicon.ico" no encontrada
[2023-03-09T15:05:32.701] [ERROR] WARNING - Ruta GET - "/dashboard.js" no encontrada
[2023-03-09T15:05:44.632] [ERROR] WARNING - Ruta GET - "/css/style.css" no encontrada
[2023-03-09T15:05:44.639] [ERROR] WARNING - Ruta GET - "/assets/images/imagen" no encontrada
[2023-03-09T15:05:44.850] [ERROR] WARNING - Ruta GET - "/assets/images/imagen" no encontrada
[2023-03-14T17:08:03.562] [ERROR] WARNING - Ruta GET - "/favicon.ico" no encontrada
[2023-03-14T17:08:06.849] [ERROR] WARNING - Ruta GET - "/dashboard.js" no encontrada
[2023-03-14T17:08:39.162] [ERROR] WARNING - Ruta GET - "/css/style.css" no encontrada
[2023-03-14T17:08:39.176] [ERROR] WARNING - Ruta GET - "/assets/images/imagen" no encontrada
[2023-03-14T17:08:39.513] [ERROR] WARNING - Ruta GET - "/assets/images/imagen" no encontrada
[2023-03-14T17:08:42.874] [ERROR] WARNING - Ruta GET - "/assets/images/imagen" no encontrada
[2023-03-14T17:09:08.672] [ERROR] WARNING - Ruta GET - "/chat" no encontrada
[2023-03-14T17:09:36.290] [ERROR] WARNING - Ruta GET - "/chat" no encontrada
